VM6:1 Uncaught pause_on_uncaught
blazor.webassembly.js:1 Debugging hotkey: Shift+Alt+D (when application has focus)
blazor.webassembly.js:1 blazor Loaded 8.79 MB resourcesThis application was built with linking (tree shaking) disabled. Published applications will be significantly smaller.
dotnet.6.0.0-preview.7.21377.19.js:1 POST http://localhost:5000/Filesave net::ERR_CONNECTION_RESET
_mono_wasm_invoke_js_with_args @ dotnet.6.0.0-preview.7.21377.19.js:1
$func2545 @ 008b64c6:0x7e6dd
$func2270 @ 008b64c6:0x66a5e
$func6847 @ 008b64c6:0x168e10
$func6664 @ 008b64c6:0x160079
$func3456 @ 008b64c6:0xaca88
$func666 @ 008b64c6:0x1595d
$gb @ 008b64c6:0x15cabf
Module._mono_wasm_invoke_method @ dotnet.6.0.0-preview.7.21377.19.js:1
managed__Microsoft_AspNetCore_Components_WebAssembly__Microsoft_AspNetCore_Components_WebAssembly_Services_DefaultWebAssemblyJSRuntime_EndInvokeJS @ managed__Microsoft_AspNetCore_Components_WebAssembly__Microsoft_AspNetCore_Components_WebAssembly_Services_DefaultWebAssemblyJSRuntime_EndInvokeJS:16
endInvokeJSFromDotNet @ blazor.webassembly.js:1
(anonym) @ blazor.webassembly.js:1
Promise.then (asynchron)
beginInvokeJSFromDotNet @ blazor.webassembly.js:1
ut @ blazor.webassembly.js:1
_mono_wasm_invoke_js_blazor @ dotnet.6.0.0-preview.7.21377.19.js:1
$func2545 @ 008b64c6:0x7e724
$func2270 @ 008b64c6:0x66a5e
$func6847 @ 008b64c6:0x168e10
$func6664 @ 008b64c6:0x160079
$func3456 @ 008b64c6:0xaca88
$func666 @ 008b64c6:0x1595d
$gb @ 008b64c6:0x15cabf
Module._mono_wasm_invoke_method @ dotnet.6.0.0-preview.7.21377.19.js:1
managed__Microsoft_AspNetCore_Components_WebAssembly__Microsoft_AspNetCore_Components_WebAssembly_Services_DefaultWebAssemblyJSRuntime_EndInvokeJS @ managed__Microsoft_AspNetCore_Components_WebAssembly__Microsoft_AspNetCore_Components_WebAssembly_Services_DefaultWebAssemblyJSRuntime_EndInvokeJS:16
endInvokeJSFromDotNet @ blazor.webassembly.js:1
(anonym) @ blazor.webassembly.js:1
Promise.then (asynchron)
beginInvokeJSFromDotNet @ blazor.webassembly.js:1
ut @ blazor.webassembly.js:1
_mono_wasm_invoke_js_blazor @ dotnet.6.0.0-preview.7.21377.19.js:1
$func2545 @ 008b64c6:0x7e724
$func2270 @ 008b64c6:0x66a5e
$func6847 @ 008b64c6:0x168e10
$func6664 @ 008b64c6:0x160079
$func3456 @ 008b64c6:0xaca88
$func666 @ 008b64c6:0x1595d
$gb @ 008b64c6:0x15cabf
Module._mono_wasm_invoke_method @ dotnet.6.0.0-preview.7.21377.19.js:1
managed__Microsoft_AspNetCore_Components_WebAssembly__Microsoft_AspNetCore_Components_WebAssembly_Services_DefaultWebAssemblyJSRuntime_EndInvokeJS @ managed__Microsoft_AspNetCore_Components_WebAssembly__Microsoft_AspNetCore_Components_WebAssembly_Services_DefaultWebAssemblyJSRuntime_EndInvokeJS:16
endInvokeJSFromDotNet @ blazor.webassembly.js:1
(anonym) @ blazor.webassembly.js:1
Promise.then (asynchron)
beginInvokeJSFromDotNet @ blazor.webassembly.js:1
ut @ blazor.webassembly.js:1
_mono_wasm_invoke_js_blazor @ dotnet.6.0.0-preview.7.21377.19.js:1
$func2545 @ 008b64c6:0x7e724
$func2270 @ 008b64c6:0x66a5e
$func6847 @ 008b64c6:0x168e10
$func6664 @ 008b64c6:0x160079
$func3456 @ 008b64c6:0xaca88
$func666 @ 008b64c6:0x1595d
$gb @ 008b64c6:0x15cabf
Module._mono_wasm_invoke_method @ dotnet.6.0.0-preview.7.21377.19.js:1
managed__Microsoft_AspNetCore_Components_WebAssembly__Microsoft_AspNetCore_Components_WebAssembly_Services_DefaultWebAssemblyJSRuntime_EndInvokeJS @ managed__Microsoft_AspNetCore_Components_WebAssembly__Microsoft_AspNetCore_Components_WebAssembly_Services_DefaultWebAssemblyJSRuntime_EndInvokeJS:16
endInvokeJSFromDotNet @ blazor.webassembly.js:1
(anonym) @ blazor.webassembly.js:1
Promise.then (asynchron)
beginInvokeJSFromDotNet @ blazor.webassembly.js:1
ut @ blazor.webassembly.js:1
_mono_wasm_invoke_js_blazor @ dotnet.6.0.0-preview.7.21377.19.js:1
$func2545 @ 008b64c6:0x7e724
$func2270 @ 008b64c6:0x66a5e
$func6847 @ 008b64c6:0x168e10
$func6664 @ 008b64c6:0x160079
$func3456 @ 008b64c6:0xaca88
$func666 @ 008b64c6:0x1595d
$gb @ 008b64c6:0x15cabf
Module._mono_wasm_invoke_method @ dotnet.6.0.0-preview.7.21377.19.js:1
managed__Microsoft_AspNetCore_Components_WebAssembly__Microsoft_AspNetCore_Components_WebAssembly_Services_DefaultWebAssemblyJSRuntime_EndInvokeJS @ managed__Microsoft_AspNetCore_Components_WebAssembly__Microsoft_AspNetCore_Components_WebAssembly_Services_DefaultWebAssemblyJSRuntime_EndInvokeJS:16
endInvokeJSFromDotNet @ blazor.webassembly.js:1
(anonym) @ blazor.webassembly.js:1
Promise.then (asynchron)
beginInvokeJSFromDotNet @ blazor.webassembly.js:1
ut @ blazor.webassembly.js:1
_mono_wasm_invoke_js_blazor @ dotnet.6.0.0-preview.7.21377.19.js:1
$func2545 @ 008b64c6:0x7e724
$func2270 @ 008b64c6:0x66a5e
$func6847 @ 008b64c6:0x168e10
$func6664 @ 008b64c6:0x160079
$func3456 @ 008b64c6:0xaca88
$func666 @ 008b64c6:0x1595d
$gb @ 008b64c6:0x15cabf
Module._mono_wasm_invoke_method @ dotnet.6.0.0-preview.7.21377.19.js:1
managed__Microsoft_AspNetCore_Components_WebAssembly__Microsoft_AspNetCore_Components_WebAssembly_Services_DefaultWebAssemblyJSRuntime_EndInvokeJS @ managed__Microsoft_AspNetCore_Components_WebAssembly__Microsoft_AspNetCore_Components_WebAssembly_Services_DefaultWebAssemblyJSRuntime_EndInvokeJS:16
endInvokeJSFromDotNet @ blazor.webassembly.js:1
(anonym) @ blazor.webassembly.js:1
Promise.then (asynchron)
beginInvokeJSFromDotNet @ blazor.webassembly.js:1
ut @ blazor.webassembly.js:1
_mono_wasm_invoke_js_blazor @ dotnet.6.0.0-preview.7.21377.19.js:1
$func2545 @ 008b64c6:0x7e724
$func2270 @ 008b64c6:0x66a5e
$func6847 @ 008b64c6:0x168e10
$func6664 @ 008b64c6:0x160079
$func3456 @ 008b64c6:0xaca88
$func666 @ 008b64c6:0x1595d
$gb @ 008b64c6:0x15cabf
Module._mono_wasm_invoke_method @ dotnet.6.0.0-preview.7.21377.19.js:1
managed__Microsoft_AspNetCore_Components_WebAssembly__Microsoft_AspNetCore_Components_WebAssembly_Services_DefaultWebAssemblyJSRuntime_EndInvokeJS @ managed__Microsoft_AspNetCore_Components_WebAssembly__Microsoft_AspNetCore_Components_WebAssembly_Services_DefaultWebAssemblyJSRuntime_EndInvokeJS:16
endInvokeJSFromDotNet @ blazor.webassembly.js:1
(anonym) @ blazor.webassembly.js:1
Promise.then (asynchron)
beginInvokeJSFromDotNet @ blazor.webassembly.js:1
ut @ blazor.webassembly.js:1
_mono_wasm_invoke_js_blazor @ dotnet.6.0.0-preview.7.21377.19.js:1
$func2545 @ 008b64c6:0x7e724
$func2270 @ 008b64c6:0x66a5e
$func6847 @ 008b64c6:0x168e10
$func6664 @ 008b64c6:0x160079
$func3456 @ 008b64c6:0xaca88
$func666 @ 008b64c6:0x1595d
$gb @ 008b64c6:0x15cabf
Module._mono_wasm_invoke_method @ dotnet.6.0.0-preview.7.21377.19.js:1
managed__Microsoft_AspNetCore_Components_WebAssembly__Microsoft_AspNetCore_Components_WebAssembly_Services_DefaultWebAssemblyJSRuntime_EndInvokeJS @ managed__Microsoft_AspNetCore_Components_WebAssembly__Microsoft_AspNetCore_Components_WebAssembly_Services_DefaultWebAssemblyJSRuntime_EndInvokeJS:16
endInvokeJSFromDotNet @ blazor.webassembly.js:1
(anonym) @ blazor.webassembly.js:1
Promise.then (asynchron)
beginInvokeJSFromDotNet @ blazor.webassembly.js:1
ut @ blazor.webassembly.js:1
_mono_wasm_invoke_js_blazor @ dotnet.6.0.0-preview.7.21377.19.js:1
$func2545 @ 008b64c6:0x7e724
$func2270 @ 008b64c6:0x66a5e
$func6847 @ 008b64c6:0x168e10
$func6664 @ 008b64c6:0x160079
$func3456 @ 008b64c6:0xaca88
$func666 @ 008b64c6:0x1595d
$gb @ 008b64c6:0x15cabf
Module._mono_wasm_invoke_method @ dotnet.6.0.0-preview.7.21377.19.js:1
managed__Microsoft_AspNetCore_Components_WebAssembly__Microsoft_AspNetCore_Components_WebAssembly_Services_DefaultWebAssemblyJSRuntime_EndInvokeJS @ managed__Microsoft_AspNetCore_Components_WebAssembly__Microsoft_AspNetCore_Components_WebAssembly_Services_DefaultWebAssemblyJSRuntime_EndInvokeJS:16
endInvokeJSFromDotNet @ blazor.webassembly.js:1
(anonym) @ blazor.webassembly.js:1
Promise.then (asynchron)
beginInvokeJSFromDotNet @ blazor.webassembly.js:1
ut @ blazor.webassembly.js:1
_mono_wasm_invoke_js_blazor @ dotnet.6.0.0-preview.7.21377.19.js:1
$func2545 @ 008b64c6:0x7e724
$func2270 @ 008b64c6:0x66a5e
$func6847 @ 008b64c6:0x168e10
$func6664 @ 008b64c6:0x160079
$func3456 @ 008b64c6:0xaca88
$func666 @ 008b64c6:0x1595d
$gb @ 008b64c6:0x15cabf
Module._mono_wasm_invoke_method @ dotnet.6.0.0-preview.7.21377.19.js:1
managed__Microsoft_AspNetCore_Components_WebAssembly__Microsoft_AspNetCore_Components_WebAssembly_Services_DefaultWebAssemblyJSRuntime_EndInvokeJS @ managed__Microsoft_AspNetCore_Components_WebAssembly__Microsoft_AspNetCore_Components_WebAssembly_Services_DefaultWebAssemblyJSRuntime_EndInvokeJS:16
endInvokeJSFromDotNet @ blazor.webassembly.js:1
(anonym) @ blazor.webassembly.js:1
Promise.then (asynchron)
beginInvokeJSFromDotNet @ blazor.webassembly.js:1
ut @ blazor.webassembly.js:1
_mono_wasm_invoke_js_blazor @ dotnet.6.0.0-preview.7.21377.19.js:1
$func2545 @ 008b64c6:0x7e724
$func2270 @ 008b64c6:0x66a5e
$func6847 @ 008b64c6:0x168e10
$func6664 @ 008b64c6:0x160079
$func3456 @ 008b64c6:0xaca88
$func666 @ 008b64c6:0x1595d
$gb @ 008b64c6:0x15cabf
Module._mono_wasm_invoke_method @ dotnet.6.0.0-preview.7.21377.19.js:1
managed__Microsoft_AspNetCore_Components_WebAssembly__Microsoft_AspNetCore_Components_WebAssembly_Services_DefaultWebAssemblyJSRuntime_EndInvokeJS @ managed__Microsoft_AspNetCore_Components_WebAssembly__Microsoft_AspNetCore_Components_WebAssembly_Services_DefaultWebAssemblyJSRuntime_EndInvokeJS:16
endInvokeJSFromDotNet @ blazor.webassembly.js:1
(anonym) @ blazor.webassembly.js:1
Promise.then (asynchron)
beginInvokeJSFromDotNet @ blazor.webassembly.js:1
ut @ blazor.webassembly.js:1
_mono_wasm_invoke_js_blazor @ dotnet.6.0.0-preview.7.21377.19.js:1
$func2545 @ 008b64c6:0x7e724
$func2270 @ 008b64c6:0x66a5e
$func6847 @ 008b64c6:0x168e10
$func6664 @ 008b64c6:0x160079
$func3456 @ 008b64c6:0xaca88
$func666 @ 008b64c6:0x1595d
$gb @ 008b64c6:0x15cabf
Module._mono_wasm_invoke_method @ dotnet.6.0.0-preview.7.21377.19.js:1
managed__Microsoft_AspNetCore_Components_WebAssembly__Microsoft_AspNetCore_Components_WebAssembly_Services_DefaultWebAssemblyJSRuntime_EndInvokeJS @ managed__Microsoft_AspNetCore_Components_WebAssembly__Microsoft_AspNetCore_Components_WebAssembly_Services_DefaultWebAssemblyJSRuntime_EndInvokeJS:16
endInvokeJSFromDotNet @ blazor.webassembly.js:1
(anonym) @ blazor.webassembly.js:1
Promise.then (asynchron)
beginInvokeJSFromDotNet @ blazor.webassembly.js:1
ut @ blazor.webassembly.js:1
_mono_wasm_invoke_js_blazor @ dotnet.6.0.0-preview.7.21377.19.js:1
$func2545 @ 008b64c6:0x7e724
$func2270 @ 008b64c6:0x66a5e
$func6847 @ 008b64c6:0x168e10
$func6664 @ 008b64c6:0x160079
$func3456 @ 008b64c6:0xaca88
$func666 @ 008b64c6:0x1595d
$gb @ 008b64c6:0x15cabf
Module._mono_wasm_invoke_method @ dotnet.6.0.0-preview.7.21377.19.js:1
managed__Microsoft_AspNetCore_Components_WebAssembly__Microsoft_AspNetCore_Components_WebAssembly_Services_DefaultWebAssemblyJSRuntime_EndInvokeJS @ managed__Microsoft_AspNetCore_Components_WebAssembly__Microsoft_AspNetCore_Components_WebAssembly_Services_DefaultWebAssemblyJSRuntime_EndInvokeJS:16
endInvokeJSFromDotNet @ blazor.webassembly.js:1
(anonym) @ blazor.webassembly.js:1
Promise.then (asynchron)
beginInvokeJSFromDotNet @ blazor.webassembly.js:1
ut @ blazor.webassembly.js:1
_mono_wasm_invoke_js_blazor @ dotnet.6.0.0-preview.7.21377.19.js:1
$func2545 @ 008b64c6:0x7e724
$func2270 @ 008b64c6:0x66a5e
$func6847 @ 008b64c6:0x168e10
$func6664 @ 008b64c6:0x160079
$func3456 @ 008b64c6:0xaca88
$func666 @ 008b64c6:0x1595d
$gb @ 008b64c6:0x15cabf
Module._mono_wasm_invoke_method @ dotnet.6.0.0-preview.7.21377.19.js:1
managed__Microsoft_AspNetCore_Components_WebAssembly__Microsoft_AspNetCore_Components_WebAssembly_Services_DefaultWebAssemblyJSRuntime_EndInvokeJS @ managed__Microsoft_AspNetCore_Components_WebAssembly__Microsoft_AspNetCore_Components_WebAssembly_Services_DefaultWebAssemblyJSRuntime_EndInvokeJS:16
endInvokeJSFromDotNet @ blazor.webassembly.js:1
(anonym) @ blazor.webassembly.js:1
Promise.then (asynchron)
beginInvokeJSFromDotNet @ blazor.webassembly.js:1
ut @ blazor.webassembly.js:1
_mono_wasm_invoke_js_blazor @ dotnet.6.0.0-preview.7.21377.19.js:1
$func2545 @ 008b64c6:0x7e724
$func2270 @ 008b64c6:0x66a5e
$func6847 @ 008b64c6:0x168e10
$func6664 @ 008b64c6:0x160079
$func3456 @ 008b64c6:0xaca88
$func666 @ 008b64c6:0x1595d
$gb @ 008b64c6:0x15cabf
Module._mono_wasm_invoke_method @ dotnet.6.0.0-preview.7.21377.19.js:1
managed__Microsoft_AspNetCore_Components_WebAssembly__Microsoft_AspNetCore_Components_WebAssembly_Services_DefaultWebAssemblyJSRuntime_EndInvokeJS @ managed__Microsoft_AspNetCore_Components_WebAssembly__Microsoft_AspNetCore_Components_WebAssembly_Services_DefaultWebAssemblyJSRuntime_EndInvokeJS:16
endInvokeJSFromDotNet @ blazor.webassembly.js:1
(anonym) @ blazor.webassembly.js:1
Promise.then (asynchron)
beginInvokeJSFromDotNet @ blazor.webassembly.js:1
ut @ blazor.webassembly.js:1
_mono_wasm_invoke_js_blazor @ dotnet.6.0.0-preview.7.21377.19.js:1
$func2545 @ 008b64c6:0x7e724
$func2270 @ 008b64c6:0x66a5e
$func6847 @ 008b64c6:0x168e10
$func6664 @ 008b64c6:0x160079
$func3456 @ 008b64c6:0xaca88
$func666 @ 008b64c6:0x1595d
$gb @ 008b64c6:0x15cabf
Module._mono_wasm_invoke_method @ dotnet.6.0.0-preview.7.21377.19.js:1
managed__Microsoft_AspNetCore_Components_WebAssembly__Microsoft_AspNetCore_Components_WebAssembly_Services_DefaultWebAssemblyJSRuntime_EndInvokeJS @ managed__Microsoft_AspNetCore_Components_WebAssembly__Microsoft_AspNetCore_Components_WebAssembly_Services_DefaultWebAssemblyJSRuntime_EndInvokeJS:16
endInvokeJSFromDotNet @ blazor.webassembly.js:1
(anonym) @ blazor.webassembly.js:1
Promise.then (asynchron)
beginInvokeJSFromDotNet @ blazor.webassembly.js:1
ut @ blazor.webassembly.js:1
_mono_wasm_invoke_js_blazor @ dotnet.6.0.0-preview.7.21377.19.js:1
$func2545 @ 008b64c6:0x7e724
$func2270 @ 008b64c6:0x66a5e
$func6847 @ 008b64c6:0x168e10
$func6664 @ 008b64c6:0x160079
$func3456 @ 008b64c6:0xaca88
$func666 @ 008b64c6:0x1595d
$gb @ 008b64c6:0x15cabf
Module._mono_wasm_invoke_method @ dotnet.6.0.0-preview.7.21377.19.js:1
managed__Microsoft_AspNetCore_Components_WebAssembly__Microsoft_AspNetCore_Components_WebAssembly_Services_DefaultWebAssemblyJSRuntime_EndInvokeJS @ managed__Microsoft_AspNetCore_Components_WebAssembly__Microsoft_AspNetCore_Components_WebAssembly_Services_DefaultWebAssemblyJSRuntime_EndInvokeJS:16
endInvokeJSFromDotNet @ blazor.webassembly.js:1
(anonym) @ blazor.webassembly.js:1
Promise.then (asynchron)
beginInvokeJSFromDotNet @ blazor.webassembly.js:1
ut @ blazor.webassembly.js:1
_mono_wasm_invoke_js_blazor @ dotnet.6.0.0-preview.7.21377.19.js:1
$func2545 @ 008b64c6:0x7e724
$func2270 @ 008b64c6:0x66a5e
$func6847 @ 008b64c6:0x168e10
$func6664 @ 008b64c6:0x160079
$func3456 @ 008b64c6:0xaca88
$func666 @ 008b64c6:0x1595d
$gb @ 008b64c6:0x15cabf
Module._mono_wasm_invoke_method @ dotnet.6.0.0-preview.7.21377.19.js:1
managed__Microsoft_AspNetCore_Components_WebAssembly__Microsoft_AspNetCore_Components_WebAssembly_Services_DefaultWebAssemblyJSRuntime_EndInvokeJS @ managed__Microsoft_AspNetCore_Components_WebAssembly__Microsoft_AspNetCore_Components_WebAssembly_Services_DefaultWebAssemblyJSRuntime_EndInvokeJS:16
endInvokeJSFromDotNet @ blazor.webassembly.js:1
(anonym) @ blazor.webassembly.js:1
Promise.then (asynchron)
beginInvokeJSFromDotNet @ blazor.webassembly.js:1
ut @ blazor.webassembly.js:1
_mono_wasm_invoke_js_blazor @ dotnet.6.0.0-preview.7.21377.19.js:1
$func2545 @ 008b64c6:0x7e724
$func2270 @ 008b64c6:0x66a5e
$func6847 @ 008b64c6:0x168e10
$func6664 @ 008b64c6:0x160079
$func3456 @ 008b64c6:0xaca88
$func666 @ 008b64c6:0x1595d
$gb @ 008b64c6:0x15cabf
Module._mono_wasm_invoke_method @ dotnet.6.0.0-preview.7.21377.19.js:1
managed__Microsoft_AspNetCore_Components_WebAssembly__Microsoft_AspNetCore_Components_WebAssembly_Services_DefaultWebAssemblyJSRuntime_EndInvokeJS @ managed__Microsoft_AspNetCore_Components_WebAssembly__Microsoft_AspNetCore_Components_WebAssembly_Services_DefaultWebAssemblyJSRuntime_EndInvokeJS:16
endInvokeJSFromDotNet @ blazor.webassembly.js:1
(anonym) @ blazor.webassembly.js:1
Promise.then (asynchron)
beginInvokeJSFromDotNet @ blazor.webassembly.js:1
ut @ blazor.webassembly.js:1
_mono_wasm_invoke_js_blazor @ dotnet.6.0.0-preview.7.21377.19.js:1
$func2545 @ 008b64c6:0x7e724
$func2270 @ 008b64c6:0x66a5e
$func6847 @ 008b64c6:0x168e10
$func6664 @ 008b64c6:0x160079
$func3456 @ 008b64c6:0xaca88
$func666 @ 008b64c6:0x1595d
$gb @ 008b64c6:0x15cabf
Module._mono_wasm_invoke_method @ dotnet.6.0.0-preview.7.21377.19.js:1
managed__Microsoft_AspNetCore_Components_WebAssembly__Microsoft_AspNetCore_Components_WebAssembly_Services_DefaultWebAssemblyJSRuntime_EndInvokeJS @ managed__Microsoft_AspNetCore_Components_WebAssembly__Microsoft_AspNetCore_Components_WebAssembly_Services_DefaultWebAssemblyJSRuntime_EndInvokeJS:16
endInvokeJSFromDotNet @ blazor.webassembly.js:1
(anonym) @ blazor.webassembly.js:1
Promise.then (asynchron)
beginInvokeJSFromDotNet @ blazor.webassembly.js:1
ut @ blazor.webassembly.js:1
_mono_wasm_invoke_js_blazor @ dotnet.6.0.0-preview.7.21377.19.js:1
$func2545 @ 008b64c6:0x7e724
$func2270 @ 008b64c6:0x66a5e
$func6847 @ 008b64c6:0x168e10
$func6664 @ 008b64c6:0x160079
$func3456 @ 008b64c6:0xaca88
$func666 @ 008b64c6:0x1595d
$gb @ 008b64c6:0x15cabf
Module._mono_wasm_invoke_method @ dotnet.6.0.0-preview.7.21377.19.js:1
managed__Microsoft_AspNetCore_Components_WebAssembly__Microsoft_AspNetCore_Components_WebAssembly_Services_DefaultWebAssemblyJSRuntime_EndInvokeJS @ managed__Microsoft_AspNetCore_Components_WebAssembly__Microsoft_AspNetCore_Components_WebAssembly_Services_DefaultWebAssemblyJSRuntime_EndInvokeJS:16
endInvokeJSFromDotNet @ blazor.webassembly.js:1
(anonym) @ blazor.webassembly.js:1
Promise.then (asynchron)
beginInvokeJSFromDotNet @ blazor.webassembly.js:1
ut @ blazor.webassembly.js:1
_mono_wasm_invoke_js_blazor @ dotnet.6.0.0-preview.7.21377.19.js:1
$func2545 @ 008b64c6:0x7e724
$func2270 @ 008b64c6:0x66a5e
$func6847 @ 008b64c6:0x168e10
$func6664 @ 008b64c6:0x160079
$func3456 @ 008b64c6:0xaca88
$func666 @ 008b64c6:0x1595d
$gb @ 008b64c6:0x15cabf
Module._mono_wasm_invoke_method @ dotnet.6.0.0-preview.7.21377.19.js:1
managed__Microsoft_AspNetCore_Components_WebAssembly__Microsoft_AspNetCore_Components_WebAssembly_Services_DefaultWebAssemblyJSRuntime_EndInvokeJS @ managed__Microsoft_AspNetCore_Components_WebAssembly__Microsoft_AspNetCore_Components_WebAssembly_Services_DefaultWebAssemblyJSRuntime_EndInvokeJS:16
endInvokeJSFromDotNet @ blazor.webassembly.js:1
(anonym) @ blazor.webassembly.js:1
Promise.then (asynchron)
beginInvokeJSFromDotNet @ blazor.webassembly.js:1
ut @ blazor.webassembly.js:1
_mono_wasm_invoke_js_blazor @ dotnet.6.0.0-preview.7.21377.19.js:1
$func2545 @ 008b64c6:0x7e724
$func2270 @ 008b64c6:0x66a5e
$func6847 @ 008b64c6:0x168e10
$func6664 @ 008b64c6:0x160079
$func3456 @ 008b64c6:0xaca88
$func666 @ 008b64c6:0x1595d
$gb @ 008b64c6:0x15cabf
Module._mono_wasm_invoke_method @ dotnet.6.0.0-preview.7.21377.19.js:1
managed__Microsoft_AspNetCore_Components_WebAssembly__Microsoft_AspNetCore_Components_WebAssembly_Services_DefaultWebAssemblyJSRuntime_EndInvokeJS @ managed__Microsoft_AspNetCore_Components_WebAssembly__Microsoft_AspNetCore_Components_WebAssembly_Services_DefaultWebAssemblyJSRuntime_EndInvokeJS:16
endInvokeJSFromDotNet @ blazor.webassembly.js:1
(anonym) @ blazor.webassembly.js:1
Promise.then (asynchron)
beginInvokeJSFromDotNet @ blazor.webassembly.js:1
ut @ blazor.webassembly.js:1
_mono_wasm_invoke_js_blazor @ dotnet.6.0.0-preview.7.21377.19.js:1
$func2545 @ 008b64c6:0x7e724
$func2270 @ 008b64c6:0x66a5e
$func6847 @ 008b64c6:0x168e10
$func6664 @ 008b64c6:0x160079
$func3456 @ 008b64c6:0xaca88
$func666 @ 008b64c6:0x1595d
$gb @ 008b64c6:0x15cabf
Module._mono_wasm_invoke_method @ dotnet.6.0.0-preview.7.21377.19.js:1
managed__Microsoft_AspNetCore_Components_WebAssembly__Microsoft_AspNetCore_Components_WebAssembly_Services_DefaultWebAssemblyJSRuntime_EndInvokeJS @ managed__Microsoft_AspNetCore_Components_WebAssembly__Microsoft_AspNetCore_Components_WebAssembly_Services_DefaultWebAssemblyJSRuntime_EndInvokeJS:16
endInvokeJSFromDotNet @ blazor.webassembly.js:1
(anonym) @ blazor.webassembly.js:1
Promise.then (asynchron)
beginInvokeJSFromDotNet @ blazor.webassembly.js:1
ut @ blazor.webassembly.js:1
_mono_wasm_invoke_js_blazor @ dotnet.6.0.0-preview.7.21377.19.js:1
$func2545 @ 008b64c6:0x7e724
$func2270 @ 008b64c6:0x66a5e
$func6847 @ 008b64c6:0x168e10
$func6664 @ 008b64c6:0x160079
$func3456 @ 008b64c6:0xaca88
$func666 @ 008b64c6:0x1595d
$gb @ 008b64c6:0x15cabf
Module._mono_wasm_invoke_method @ dotnet.6.0.0-preview.7.21377.19.js:1
managed__Microsoft_AspNetCore_Components_WebAssembly__Microsoft_AspNetCore_Components_WebAssembly_Services_DefaultWebAssemblyJSRuntime_EndInvokeJS @ managed__Microsoft_AspNetCore_Components_WebAssembly__Microsoft_AspNetCore_Components_WebAssembly_Services_DefaultWebAssemblyJSRuntime_EndInvokeJS:16
endInvokeJSFromDotNet @ blazor.webassembly.js:1
(anonym) @ blazor.webassembly.js:1
Promise.then (asynchron)
beginInvokeJSFromDotNet @ blazor.webassembly.js:1
ut @ blazor.webassembly.js:1
_mono_wasm_invoke_js_blazor @ dotnet.6.0.0-preview.7.21377.19.js:1
$func2545 @ 008b64c6:0x7e724
$func2270 @ 008b64c6:0x66a5e
$func6847 @ 008b64c6:0x168e10
$func6664 @ 008b64c6:0x160079
$func3456 @ 008b64c6:0xaca88
$func666 @ 008b64c6:0x1595d
$gb @ 008b64c6:0x15cabf
Module._mono_wasm_invoke_method @ dotnet.6.0.0-preview.7.21377.19.js:1
managed__Microsoft_AspNetCore_Components_WebAssembly__Microsoft_AspNetCore_Components_WebAssembly_Services_DefaultWebAssemblyJSRuntime_EndInvokeJS @ managed__Microsoft_AspNetCore_Components_WebAssembly__Microsoft_AspNetCore_Components_WebAssembly_Services_DefaultWebAssemblyJSRuntime_EndInvokeJS:16
endInvokeJSFromDotNet @ blazor.webassembly.js:1
(anonym) @ blazor.webassembly.js:1
Promise.then (asynchron)
beginInvokeJSFromDotNet @ blazor.webassembly.js:1
ut @ blazor.webassembly.js:1
_mono_wasm_invoke_js_blazor @ dotnet.6.0.0-preview.7.21377.19.js:1
$func2545 @ 008b64c6:0x7e724
$func2270 @ 008b64c6:0x66a5e
$func6847 @ 008b64c6:0x168e10
$func6664 @ 008b64c6:0x160079
$func3456 @ 008b64c6:0xaca88
$func666 @ 008b64c6:0x1595d
$gb @ 008b64c6:0x15cabf
Module._mono_wasm_invoke_method @ dotnet.6.0.0-preview.7.21377.19.js:1
managed__Microsoft_AspNetCore_Components_WebAssembly__Microsoft_AspNetCore_Components_WebAssembly_Services_DefaultWebAssemblyJSRuntime_EndInvokeJS @ managed__Microsoft_AspNetCore_Components_WebAssembly__Microsoft_AspNetCore_Components_WebAssembly_Services_DefaultWebAssemblyJSRuntime_EndInvokeJS:16
endInvokeJSFromDotNet @ blazor.webassembly.js:1
(anonym) @ blazor.webassembly.js:1
Promise.then (asynchron)
beginInvokeJSFromDotNet @ blazor.webassembly.js:1
ut @ blazor.webassembly.js:1
_mono_wasm_invoke_js_blazor @ dotnet.6.0.0-preview.7.21377.19.js:1
$func2545 @ 008b64c6:0x7e724
$func2270 @ 008b64c6:0x66a5e
$func6847 @ 008b64c6:0x168e10
$func6664 @ 008b64c6:0x160079
$func3456 @ 008b64c6:0xaca88
$func666 @ 008b64c6:0x1595d
$gb @ 008b64c6:0x15cabf
Module._mono_wasm_invoke_method @ dotnet.6.0.0-preview.7.21377.19.js:1
managed__Microsoft_AspNetCore_Components_WebAssembly__Microsoft_AspNetCore_Components_WebAssembly_Services_DefaultWebAssemblyJSRuntime_EndInvokeJS @ managed__Microsoft_AspNetCore_Components_WebAssembly__Microsoft_AspNetCore_Components_WebAssembly_Services_DefaultWebAssemblyJSRuntime_EndInvokeJS:16
endInvokeJSFromDotNet @ blazor.webassembly.js:1
(anonym) @ blazor.webassembly.js:1
Promise.then (asynchron)
beginInvokeJSFromDotNet @ blazor.webassembly.js:1
ut @ blazor.webassembly.js:1
_mono_wasm_invoke_js_blazor @ dotnet.6.0.0-preview.7.21377.19.js:1
$func2545 @ 008b64c6:0x7e724
$func2270 @ 008b64c6:0x66a5e
$func6847 @ 008b64c6:0x168e10
$func6664 @ 008b64c6:0x160079
$func3456 @ 008b64c6:0xaca88
$func666 @ 008b64c6:0x1595d
$gb @ 008b64c6:0x15cabf
Module._mono_wasm_invoke_method @ dotnet.6.0.0-preview.7.21377.19.js:1
managed__Microsoft_AspNetCore_Components_WebAssembly__Microsoft_AspNetCore_Components_WebAssembly_Services_DefaultWebAssemblyJSRuntime_EndInvokeJS @ managed__Microsoft_AspNetCore_Components_WebAssembly__Microsoft_AspNetCore_Components_WebAssembly_Services_DefaultWebAssemblyJSRuntime_EndInvokeJS:16
endInvokeJSFromDotNet @ blazor.webassembly.js:1
(anonym) @ blazor.webassembly.js:1
Promise.then (asynchron)
beginInvokeJSFromDotNet @ blazor.webassembly.js:1
ut @ blazor.webassembly.js:1
_mono_wasm_invoke_js_blazor @ dotnet.6.0.0-preview.7.21377.19.js:1
$func2545 @ 008b64c6:0x7e724
$func2270 @ 008b64c6:0x66a5e
$func6847 @ 008b64c6:0x168e10
$func6664 @ 008b64c6:0x160079
$func3456 @ 008b64c6:0xaca88
$func666 @ 008b64c6:0x1595d
$gb @ 008b64c6:0x15cabf
Module._mono_wasm_invoke_method @ dotnet.6.0.0-preview.7.21377.19.js:1
managed__Microsoft_AspNetCore_Components_WebAssembly__Microsoft_AspNetCore_Components_WebAssembly_Services_DefaultWebAssemblyJSRuntime_EndInvokeJS @ managed__Microsoft_AspNetCore_Components_WebAssembly__Microsoft_AspNetCore_Components_WebAssembly_Services_DefaultWebAssemblyJSRuntime_EndInvokeJS:16
endInvokeJSFromDotNet @ blazor.webassembly.js:1
(anonym) @ blazor.webassembly.js:1
Promise.then (asynchron)
beginInvokeJSFromDotNet @ blazor.webassembly.js:1
ut @ blazor.webassembly.js:1
_mono_wasm_invoke_js_blazor @ dotnet.6.0.0-preview.7.21377.19.js:1
$func2545 @ 008b64c6:0x7e724
$func2270 @ 008b64c6:0x66a5e
$func6847 @ 008b64c6:0x168e10
$func6664 @ 008b64c6:0x160079
$func3456 @ 008b64c6:0xaca88
$func666 @ 008b64c6:0x1595d
$gb @ 008b64c6:0x15cabf
Module._mono_wasm_invoke_method @ dotnet.6.0.0-preview.7.21377.19.js:1
managed__Microsoft_AspNetCore_Components_WebAssembly__Microsoft_AspNetCore_Components_WebAssembly_Services_DefaultWebAssemblyJSRuntime_EndInvokeJS @ managed__Microsoft_AspNetCore_Components_WebAssembly__Microsoft_AspNetCore_Components_WebAssembly_Services_DefaultWebAssemblyJSRuntime_EndInvokeJS:16
endInvokeJSFromDotNet @ blazor.webassembly.js:1
(anonym) @ blazor.webassembly.js:1
Promise.then (asynchron)
beginInvokeJSFromDotNet @ blazor.webassembly.js:1
ut @ blazor.webassembly.js:1
_mono_wasm_invoke_js_blazor @ dotnet.6.0.0-preview.7.21377.19.js:1
$func2545 @ 008b64c6:0x7e724
$func2270 @ 008b64c6:0x66a5e
$func6847 @ 008b64c6:0x168e10
$func6664 @ 008b64c6:0x160079
$func3456 @ 008b64c6:0xaca88
$func666 @ 008b64c6:0x1595d
$gb @ 008b64c6:0x15cabf
Module._mono_wasm_invoke_method @ dotnet.6.0.0-preview.7.21377.19.js:1
managed__Microsoft_AspNetCore_Components_WebAssembly__Microsoft_AspNetCore_Components_WebAssembly_Services_DefaultWebAssemblyJSRuntime_EndInvokeJS @ managed__Microsoft_AspNetCore_Components_WebAssembly__Microsoft_AspNetCore_Components_WebAssembly_Services_DefaultWebAssemblyJSRuntime_EndInvokeJS:16
endInvokeJSFromDotNet @ blazor.webassembly.js:1
(anonym) @ blazor.webassembly.js:1
Promise.then (asynchron)
beginInvokeJSFromDotNet @ blazor.webassembly.js:1
ut @ blazor.webassembly.js:1
_mono_wasm_invoke_js_blazor @ dotnet.6.0.0-preview.7.21377.19.js:1
$func2545 @ 008b64c6:0x7e724
$func2270 @ 008b64c6:0x66a5e
$func6847 @ 008b64c6:0x168e10
$func6664 @ 008b64c6:0x160079
$func3456 @ 008b64c6:0xaca88
$func666 @ 008b64c6:0x1595d
$gb @ 008b64c6:0x15cabf
Module._mono_wasm_invoke_method @ dotnet.6.0.0-preview.7.21377.19.js:1
managed__Microsoft_AspNetCore_Components_WebAssembly__Microsoft_AspNetCore_Components_WebAssembly_Services_DefaultWebAssemblyJSRuntime_EndInvokeJS @ managed__Microsoft_AspNetCore_Components_WebAssembly__Microsoft_AspNetCore_Components_WebAssembly_Services_DefaultWebAssemblyJSRuntime_EndInvokeJS:16
endInvokeJSFromDotNet @ blazor.webassembly.js:1
(anonym) @ blazor.webassembly.js:1
blazor.webassembly.js:1 Uncaught (in promise) Error: System.Net.Http.HttpRequestException: TypeError: Failed to fetch
 ---> System.Runtime.InteropServices.JavaScript.JSException: TypeError: Failed to fetch
   at System.Net.Http.BrowserHttpHandler.SendAsync(HttpRequestMessage request, CancellationToken cancellationToken) in System.Net.Http.dll:token 0x6000376+0x58e
   --- End of inner exception stack trace ---
   at System.Net.Http.BrowserHttpHandler.SendAsync(HttpRequestMessage request, CancellationToken cancellationToken) in System.Net.Http.dll:token 0x6000376+0x7a9
   at System.Net.Http.HttpClient.<SendAsync>g__Core|83_0(HttpRequestMessage request, HttpCompletionOption completionOption, CancellationTokenSource cts, Boolean disposeCts, CancellationTokenSource pendingRequestsCts, CancellationToken originalCancellationToken) in System.Net.Http.dll:token 0x600013b+0x1b7
   at MWE_WASM_App.Client.Pages.FileUpload2.OnInputFileChange(InputFileChangeEventArgs e) in e:\Programming\Github\MWE-Net6P7-WASMLargeFileUploadFails\MWE-WASM-App\Client\Pages\FileUpload2.razor:line 101
   at Microsoft.AspNetCore.Components.ComponentBase.CallStateHasChangedOnAsyncCompletion(Task task) in Microsoft.AspNetCore.Components.dll:token 0x60000a5+0x7e
    at Object.endInvokeDotNetFromJS (http://localhost:5000/_framework/blazor.webassembly.js:1:3473)
    at Object.dt [as endInvokeDotNetFromJS] (http://localhost:5000/_framework/blazor.webassembly.js:1:54645)
    at Object.ut [as invokeJSFromDotNet] (http://localhost:5000/_framework/blazor.webassembly.js:1:54177)
    at _mono_wasm_invoke_js_blazor (http://localhost:5000/_framework/dotnet.6.0.0-preview.7.21377.19.js:1:191287)
    at <anonymous>:wasm-function[2545]:0x7e724
    at <anonymous>:wasm-function[2270]:0x66a5e
    at <anonymous>:wasm-function[6847]:0x168e10
    at <anonymous>:wasm-function[6664]:0x160079
    at <anonymous>:wasm-function[3456]:0xaca88
    at <anonymous>:wasm-function[666]:0x1595d
endInvokeDotNetFromJS @ blazor.webassembly.js:1
dt @ blazor.webassembly.js:1
ut @ blazor.webassembly.js:1
_mono_wasm_invoke_js_blazor @ dotnet.6.0.0-preview.7.21377.19.js:1
$func2545 @ 008b64c6:0x7e724
$func2270 @ 008b64c6:0x66a5e
$func6847 @ 008b64c6:0x168e10
$func6664 @ 008b64c6:0x160079
$func3456 @ 008b64c6:0xaca88
$func666 @ 008b64c6:0x1595d
$func6372 @ 008b64c6:0x153f5b
$Jb @ 008b64c6:0x163494
Module._mono_background_exec @ dotnet.6.0.0-preview.7.21377.19.js:1
pump_message @ dotnet.6.0.0-preview.7.21377.19.js:1
setTimeout (asynchron)
_schedule_background_exec @ dotnet.6.0.0-preview.7.21377.19.js:1
$func1267 @ 008b64c6:0x2e43a
$func6555 @ 008b64c6:0x159540
$func2545 @ 008b64c6:0x7e78b
$func2270 @ 008b64c6:0x66a5e
$func6847 @ 008b64c6:0x168e10
$func6664 @ 008b64c6:0x160079
$func3456 @ 008b64c6:0xaca88
$func666 @ 008b64c6:0x1595d
$gb @ 008b64c6:0x15cabf
Module._mono_wasm_invoke_method @ dotnet.6.0.0-preview.7.21377.19.js:1
_call_method_with_converted_args @ dotnet.6.0.0-preview.7.21377.19.js:1
call_method @ dotnet.6.0.0-preview.7.21377.19.js:1
set_task_failure @ dotnet.6.0.0-preview.7.21377.19.js:1
(anonym) @ dotnet.6.0.0-preview.7.21377.19.js:1
Promise.then (asynchron)
js_to_mono_obj @ dotnet.6.0.0-preview.7.21377.19.js:1
mono_wasm_convert_return_value @ dotnet.6.0.0-preview.7.21377.19.js:1
_mono_wasm_invoke_js_with_args @ dotnet.6.0.0-preview.7.21377.19.js:1
$func2545 @ 008b64c6:0x7e6dd
$func2270 @ 008b64c6:0x66a5e
$func6847 @ 008b64c6:0x168e10
$func6664 @ 008b64c6:0x160079
$func3456 @ 008b64c6:0xaca88
$func666 @ 008b64c6:0x1595d
$gb @ 008b64c6:0x15cabf
Module._mono_wasm_invoke_method @ dotnet.6.0.0-preview.7.21377.19.js:1
managed__Microsoft_AspNetCore_Components_WebAssembly__Microsoft_AspNetCore_Components_WebAssembly_Services_DefaultWebAssemblyJSRuntime_EndInvokeJS @ managed__Microsoft_AspNetCore_Components_WebAssembly__Microsoft_AspNetCore_Components_WebAssembly_Services_DefaultWebAssemblyJSRuntime_EndInvokeJS:16
endInvokeJSFromDotNet @ blazor.webassembly.js:1
(anonym) @ blazor.webassembly.js:1
Promise.then (asynchron)
beginInvokeJSFromDotNet @ blazor.webassembly.js:1
ut @ blazor.webassembly.js:1
_mono_wasm_invoke_js_blazor @ dotnet.6.0.0-preview.7.21377.19.js:1
$func2545 @ 008b64c6:0x7e724
$func2270 @ 008b64c6:0x66a5e
$func6847 @ 008b64c6:0x168e10
$func6664 @ 008b64c6:0x160079
$func3456 @ 008b64c6:0xaca88
$func666 @ 008b64c6:0x1595d
$gb @ 008b64c6:0x15cabf
Module._mono_wasm_invoke_method @ dotnet.6.0.0-preview.7.21377.19.js:1
managed__Microsoft_AspNetCore_Components_WebAssembly__Microsoft_AspNetCore_Components_WebAssembly_Services_DefaultWebAssemblyJSRuntime_EndInvokeJS @ managed__Microsoft_AspNetCore_Components_WebAssembly__Microsoft_AspNetCore_Components_WebAssembly_Services_DefaultWebAssemblyJSRuntime_EndInvokeJS:16
endInvokeJSFromDotNet @ blazor.webassembly.js:1
(anonym) @ blazor.webassembly.js:1
Promise.then (asynchron)
beginInvokeJSFromDotNet @ blazor.webassembly.js:1
ut @ blazor.webassembly.js:1
_mono_wasm_invoke_js_blazor @ dotnet.6.0.0-preview.7.21377.19.js:1
$func2545 @ 008b64c6:0x7e724
$func2270 @ 008b64c6:0x66a5e
$func6847 @ 008b64c6:0x168e10
$func6664 @ 008b64c6:0x160079
$func3456 @ 008b64c6:0xaca88
$func666 @ 008b64c6:0x1595d
$gb @ 008b64c6:0x15cabf
Module._mono_wasm_invoke_method @ dotnet.6.0.0-preview.7.21377.19.js:1
managed__Microsoft_AspNetCore_Components_WebAssembly__Microsoft_AspNetCore_Components_WebAssembly_Services_DefaultWebAssemblyJSRuntime_EndInvokeJS @ managed__Microsoft_AspNetCore_Components_WebAssembly__Microsoft_AspNetCore_Components_WebAssembly_Services_DefaultWebAssemblyJSRuntime_EndInvokeJS:16
endInvokeJSFromDotNet @ blazor.webassembly.js:1
(anonym) @ blazor.webassembly.js:1
Promise.then (asynchron)
beginInvokeJSFromDotNet @ blazor.webassembly.js:1
ut @ blazor.webassembly.js:1
_mono_wasm_invoke_js_blazor @ dotnet.6.0.0-preview.7.21377.19.js:1
$func2545 @ 008b64c6:0x7e724
$func2270 @ 008b64c6:0x66a5e
$func6847 @ 008b64c6:0x168e10
$func6664 @ 008b64c6:0x160079
$func3456 @ 008b64c6:0xaca88
$func666 @ 008b64c6:0x1595d
$gb @ 008b64c6:0x15cabf
Module._mono_wasm_invoke_method @ dotnet.6.0.0-preview.7.21377.19.js:1
managed__Microsoft_AspNetCore_Components_WebAssembly__Microsoft_AspNetCore_Components_WebAssembly_Services_DefaultWebAssemblyJSRuntime_EndInvokeJS @ managed__Microsoft_AspNetCore_Components_WebAssembly__Microsoft_AspNetCore_Components_WebAssembly_Services_DefaultWebAssemblyJSRuntime_EndInvokeJS:16
endInvokeJSFromDotNet @ blazor.webassembly.js:1
(anonym) @ blazor.webassembly.js:1
Promise.then (asynchron)
beginInvokeJSFromDotNet @ blazor.webassembly.js:1
ut @ blazor.webassembly.js:1
_mono_wasm_invoke_js_blazor @ dotnet.6.0.0-preview.7.21377.19.js:1
$func2545 @ 008b64c6:0x7e724
$func2270 @ 008b64c6:0x66a5e
$func6847 @ 008b64c6:0x168e10
$func6664 @ 008b64c6:0x160079
$func3456 @ 008b64c6:0xaca88
$func666 @ 008b64c6:0x1595d
$gb @ 008b64c6:0x15cabf
Module._mono_wasm_invoke_method @ dotnet.6.0.0-preview.7.21377.19.js:1
managed__Microsoft_AspNetCore_Components_WebAssembly__Microsoft_AspNetCore_Components_WebAssembly_Services_DefaultWebAssemblyJSRuntime_EndInvokeJS @ managed__Microsoft_AspNetCore_Components_WebAssembly__Microsoft_AspNetCore_Components_WebAssembly_Services_DefaultWebAssemblyJSRuntime_EndInvokeJS:16
endInvokeJSFromDotNet @ blazor.webassembly.js:1
(anonym) @ blazor.webassembly.js:1
Promise.then (asynchron)
beginInvokeJSFromDotNet @ blazor.webassembly.js:1
ut @ blazor.webassembly.js:1
_mono_wasm_invoke_js_blazor @ dotnet.6.0.0-preview.7.21377.19.js:1
$func2545 @ 008b64c6:0x7e724
$func2270 @ 008b64c6:0x66a5e
$func6847 @ 008b64c6:0x168e10
$func6664 @ 008b64c6:0x160079
$func3456 @ 008b64c6:0xaca88
$func666 @ 008b64c6:0x1595d
$gb @ 008b64c6:0x15cabf
Module._mono_wasm_invoke_method @ dotnet.6.0.0-preview.7.21377.19.js:1
managed__Microsoft_AspNetCore_Components_WebAssembly__Microsoft_AspNetCore_Components_WebAssembly_Services_DefaultWebAssemblyJSRuntime_EndInvokeJS @ managed__Microsoft_AspNetCore_Components_WebAssembly__Microsoft_AspNetCore_Components_WebAssembly_Services_DefaultWebAssemblyJSRuntime_EndInvokeJS:16
endInvokeJSFromDotNet @ blazor.webassembly.js:1
(anonym) @ blazor.webassembly.js:1
Promise.then (asynchron)
beginInvokeJSFromDotNet @ blazor.webassembly.js:1
ut @ blazor.webassembly.js:1
_mono_wasm_invoke_js_blazor @ dotnet.6.0.0-preview.7.21377.19.js:1
$func2545 @ 008b64c6:0x7e724
$func2270 @ 008b64c6:0x66a5e
$func6847 @ 008b64c6:0x168e10
$func6664 @ 008b64c6:0x160079
$func3456 @ 008b64c6:0xaca88
$func666 @ 008b64c6:0x1595d
$gb @ 008b64c6:0x15cabf
Module._mono_wasm_invoke_method @ dotnet.6.0.0-preview.7.21377.19.js:1
managed__Microsoft_AspNetCore_Components_WebAssembly__Microsoft_AspNetCore_Components_WebAssembly_Services_DefaultWebAssemblyJSRuntime_EndInvokeJS @ managed__Microsoft_AspNetCore_Components_WebAssembly__Microsoft_AspNetCore_Components_WebAssembly_Services_DefaultWebAssemblyJSRuntime_EndInvokeJS:16
endInvokeJSFromDotNet @ blazor.webassembly.js:1
(anonym) @ blazor.webassembly.js:1
Promise.then (asynchron)
beginInvokeJSFromDotNet @ blazor.webassembly.js:1
ut @ blazor.webassembly.js:1
_mono_wasm_invoke_js_blazor @ dotnet.6.0.0-preview.7.21377.19.js:1
$func2545 @ 008b64c6:0x7e724
$func2270 @ 008b64c6:0x66a5e
$func6847 @ 008b64c6:0x168e10
$func6664 @ 008b64c6:0x160079
$func3456 @ 008b64c6:0xaca88
$func666 @ 008b64c6:0x1595d
$gb @ 008b64c6:0x15cabf
Module._mono_wasm_invoke_method @ dotnet.6.0.0-preview.7.21377.19.js:1
managed__Microsoft_AspNetCore_Components_WebAssembly__Microsoft_AspNetCore_Components_WebAssembly_Services_DefaultWebAssemblyJSRuntime_EndInvokeJS @ managed__Microsoft_AspNetCore_Components_WebAssembly__Microsoft_AspNetCore_Components_WebAssembly_Services_DefaultWebAssemblyJSRuntime_EndInvokeJS:16
endInvokeJSFromDotNet @ blazor.webassembly.js:1
(anonym) @ blazor.webassembly.js:1
Promise.then (asynchron)
beginInvokeJSFromDotNet @ blazor.webassembly.js:1
ut @ blazor.webassembly.js:1
_mono_wasm_invoke_js_blazor @ dotnet.6.0.0-preview.7.21377.19.js:1
$func2545 @ 008b64c6:0x7e724
$func2270 @ 008b64c6:0x66a5e
$func6847 @ 008b64c6:0x168e10
$func6664 @ 008b64c6:0x160079
$func3456 @ 008b64c6:0xaca88
$func666 @ 008b64c6:0x1595d
$gb @ 008b64c6:0x15cabf
Module._mono_wasm_invoke_method @ dotnet.6.0.0-preview.7.21377.19.js:1
managed__Microsoft_AspNetCore_Components_WebAssembly__Microsoft_AspNetCore_Components_WebAssembly_Services_DefaultWebAssemblyJSRuntime_EndInvokeJS @ managed__Microsoft_AspNetCore_Components_WebAssembly__Microsoft_AspNetCore_Components_WebAssembly_Services_DefaultWebAssemblyJSRuntime_EndInvokeJS:16
endInvokeJSFromDotNet @ blazor.webassembly.js:1
(anonym) @ blazor.webassembly.js:1
Promise.then (asynchron)
beginInvokeJSFromDotNet @ blazor.webassembly.js:1
ut @ blazor.webassembly.js:1
_mono_wasm_invoke_js_blazor @ dotnet.6.0.0-preview.7.21377.19.js:1
$func2545 @ 008b64c6:0x7e724
$func2270 @ 008b64c6:0x66a5e
$func6847 @ 008b64c6:0x168e10
$func6664 @ 008b64c6:0x160079
$func3456 @ 008b64c6:0xaca88
$func666 @ 008b64c6:0x1595d
$gb @ 008b64c6:0x15cabf
Module._mono_wasm_invoke_method @ dotnet.6.0.0-preview.7.21377.19.js:1
managed__Microsoft_AspNetCore_Components_WebAssembly__Microsoft_AspNetCore_Components_WebAssembly_Services_DefaultWebAssemblyJSRuntime_EndInvokeJS @ managed__Microsoft_AspNetCore_Components_WebAssembly__Microsoft_AspNetCore_Components_WebAssembly_Services_DefaultWebAssemblyJSRuntime_EndInvokeJS:16
endInvokeJSFromDotNet @ blazor.webassembly.js:1
(anonym) @ blazor.webassembly.js:1
Promise.then (asynchron)
beginInvokeJSFromDotNet @ blazor.webassembly.js:1
ut @ blazor.webassembly.js:1
_mono_wasm_invoke_js_blazor @ dotnet.6.0.0-preview.7.21377.19.js:1
$func2545 @ 008b64c6:0x7e724
$func2270 @ 008b64c6:0x66a5e
$func6847 @ 008b64c6:0x168e10
$func6664 @ 008b64c6:0x160079
$func3456 @ 008b64c6:0xaca88
$func666 @ 008b64c6:0x1595d
$gb @ 008b64c6:0x15cabf
Module._mono_wasm_invoke_method @ dotnet.6.0.0-preview.7.21377.19.js:1
managed__Microsoft_AspNetCore_Components_WebAssembly__Microsoft_AspNetCore_Components_WebAssembly_Services_DefaultWebAssemblyJSRuntime_EndInvokeJS @ managed__Microsoft_AspNetCore_Components_WebAssembly__Microsoft_AspNetCore_Components_WebAssembly_Services_DefaultWebAssemblyJSRuntime_EndInvokeJS:16
endInvokeJSFromDotNet @ blazor.webassembly.js:1
(anonym) @ blazor.webassembly.js:1
Promise.then (asynchron)
beginInvokeJSFromDotNet @ blazor.webassembly.js:1
ut @ blazor.webassembly.js:1
_mono_wasm_invoke_js_blazor @ dotnet.6.0.0-preview.7.21377.19.js:1
$func2545 @ 008b64c6:0x7e724
$func2270 @ 008b64c6:0x66a5e
$func6847 @ 008b64c6:0x168e10
$func6664 @ 008b64c6:0x160079
$func3456 @ 008b64c6:0xaca88
$func666 @ 008b64c6:0x1595d
$gb @ 008b64c6:0x15cabf
Module._mono_wasm_invoke_method @ dotnet.6.0.0-preview.7.21377.19.js:1
managed__Microsoft_AspNetCore_Components_WebAssembly__Microsoft_AspNetCore_Components_WebAssembly_Services_DefaultWebAssemblyJSRuntime_EndInvokeJS @ managed__Microsoft_AspNetCore_Components_WebAssembly__Microsoft_AspNetCore_Components_WebAssembly_Services_DefaultWebAssemblyJSRuntime_EndInvokeJS:16
endInvokeJSFromDotNet @ blazor.webassembly.js:1
(anonym) @ blazor.webassembly.js:1
Promise.then (asynchron)
beginInvokeJSFromDotNet @ blazor.webassembly.js:1
ut @ blazor.webassembly.js:1
_mono_wasm_invoke_js_blazor @ dotnet.6.0.0-preview.7.21377.19.js:1
$func2545 @ 008b64c6:0x7e724
$func2270 @ 008b64c6:0x66a5e
$func6847 @ 008b64c6:0x168e10
$func6664 @ 008b64c6:0x160079
$func3456 @ 008b64c6:0xaca88
$func666 @ 008b64c6:0x1595d
$gb @ 008b64c6:0x15cabf
Module._mono_wasm_invoke_method @ dotnet.6.0.0-preview.7.21377.19.js:1
managed__Microsoft_AspNetCore_Components_WebAssembly__Microsoft_AspNetCore_Components_WebAssembly_Services_DefaultWebAssemblyJSRuntime_EndInvokeJS @ managed__Microsoft_AspNetCore_Components_WebAssembly__Microsoft_AspNetCore_Components_WebAssembly_Services_DefaultWebAssemblyJSRuntime_EndInvokeJS:16
endInvokeJSFromDotNet @ blazor.webassembly.js:1
(anonym) @ blazor.webassembly.js:1
Promise.then (asynchron)
beginInvokeJSFromDotNet @ blazor.webassembly.js:1
ut @ blazor.webassembly.js:1
_mono_wasm_invoke_js_blazor @ dotnet.6.0.0-preview.7.21377.19.js:1
$func2545 @ 008b64c6:0x7e724
$func2270 @ 008b64c6:0x66a5e
$func6847 @ 008b64c6:0x168e10
$func6664 @ 008b64c6:0x160079
$func3456 @ 008b64c6:0xaca88
$func666 @ 008b64c6:0x1595d
$gb @ 008b64c6:0x15cabf
Module._mono_wasm_invoke_method @ dotnet.6.0.0-preview.7.21377.19.js:1
managed__Microsoft_AspNetCore_Components_WebAssembly__Microsoft_AspNetCore_Components_WebAssembly_Services_DefaultWebAssemblyJSRuntime_EndInvokeJS @ managed__Microsoft_AspNetCore_Components_WebAssembly__Microsoft_AspNetCore_Components_WebAssembly_Services_DefaultWebAssemblyJSRuntime_EndInvokeJS:16
endInvokeJSFromDotNet @ blazor.webassembly.js:1
(anonym) @ blazor.webassembly.js:1
Promise.then (asynchron)
beginInvokeJSFromDotNet @ blazor.webassembly.js:1
ut @ blazor.webassembly.js:1
_mono_wasm_invoke_js_blazor @ dotnet.6.0.0-preview.7.21377.19.js:1
$func2545 @ 008b64c6:0x7e724
$func2270 @ 008b64c6:0x66a5e
$func6847 @ 008b64c6:0x168e10
$func6664 @ 008b64c6:0x160079
$func3456 @ 008b64c6:0xaca88
$func666 @ 008b64c6:0x1595d
$gb @ 008b64c6:0x15cabf
Module._mono_wasm_invoke_method @ dotnet.6.0.0-preview.7.21377.19.js:1
managed__Microsoft_AspNetCore_Components_WebAssembly__Microsoft_AspNetCore_Components_WebAssembly_Services_DefaultWebAssemblyJSRuntime_EndInvokeJS @ managed__Microsoft_AspNetCore_Components_WebAssembly__Microsoft_AspNetCore_Components_WebAssembly_Services_DefaultWebAssemblyJSRuntime_EndInvokeJS:16
endInvokeJSFromDotNet @ blazor.webassembly.js:1
(anonym) @ blazor.webassembly.js:1
Promise.then (asynchron)
beginInvokeJSFromDotNet @ blazor.webassembly.js:1
ut @ blazor.webassembly.js:1
_mono_wasm_invoke_js_blazor @ dotnet.6.0.0-preview.7.21377.19.js:1
$func2545 @ 008b64c6:0x7e724
$func2270 @ 008b64c6:0x66a5e
$func6847 @ 008b64c6:0x168e10
$func6664 @ 008b64c6:0x160079
$func3456 @ 008b64c6:0xaca88
$func666 @ 008b64c6:0x1595d
$gb @ 008b64c6:0x15cabf
Module._mono_wasm_invoke_method @ dotnet.6.0.0-preview.7.21377.19.js:1
managed__Microsoft_AspNetCore_Components_WebAssembly__Microsoft_AspNetCore_Components_WebAssembly_Services_DefaultWebAssemblyJSRuntime_EndInvokeJS @ managed__Microsoft_AspNetCore_Components_WebAssembly__Microsoft_AspNetCore_Components_WebAssembly_Services_DefaultWebAssemblyJSRuntime_EndInvokeJS:16
endInvokeJSFromDotNet @ blazor.webassembly.js:1
(anonym) @ blazor.webassembly.js:1
Promise.then (asynchron)
beginInvokeJSFromDotNet @ blazor.webassembly.js:1
ut @ blazor.webassembly.js:1
_mono_wasm_invoke_js_blazor @ dotnet.6.0.0-preview.7.21377.19.js:1
$func2545 @ 008b64c6:0x7e724
$func2270 @ 008b64c6:0x66a5e
$func6847 @ 008b64c6:0x168e10
$func6664 @ 008b64c6:0x160079
$func3456 @ 008b64c6:0xaca88
$func666 @ 008b64c6:0x1595d
$gb @ 008b64c6:0x15cabf
Module._mono_wasm_invoke_method @ dotnet.6.0.0-preview.7.21377.19.js:1
managed__Microsoft_AspNetCore_Components_WebAssembly__Microsoft_AspNetCore_Components_WebAssembly_Services_DefaultWebAssemblyJSRuntime_EndInvokeJS @ managed__Microsoft_AspNetCore_Components_WebAssembly__Microsoft_AspNetCore_Components_WebAssembly_Services_DefaultWebAssemblyJSRuntime_EndInvokeJS:16
endInvokeJSFromDotNet @ blazor.webassembly.js:1
(anonym) @ blazor.webassembly.js:1
Promise.then (asynchron)
beginInvokeJSFromDotNet @ blazor.webassembly.js:1
ut @ blazor.webassembly.js:1
_mono_wasm_invoke_js_blazor @ dotnet.6.0.0-preview.7.21377.19.js:1
$func2545 @ 008b64c6:0x7e724
$func2270 @ 008b64c6:0x66a5e
$func6847 @ 008b64c6:0x168e10
$func6664 @ 008b64c6:0x160079
$func3456 @ 008b64c6:0xaca88
$func666 @ 008b64c6:0x1595d
$gb @ 008b64c6:0x15cabf
Module._mono_wasm_invoke_method @ dotnet.6.0.0-preview.7.21377.19.js:1
managed__Microsoft_AspNetCore_Components_WebAssembly__Microsoft_AspNetCore_Components_WebAssembly_Services_DefaultWebAssemblyJSRuntime_EndInvokeJS @ managed__Microsoft_AspNetCore_Components_WebAssembly__Microsoft_AspNetCore_Components_WebAssembly_Services_DefaultWebAssemblyJSRuntime_EndInvokeJS:16
endInvokeJSFromDotNet @ blazor.webassembly.js:1
(anonym) @ blazor.webassembly.js:1
Promise.then (asynchron)
beginInvokeJSFromDotNet @ blazor.webassembly.js:1
ut @ blazor.webassembly.js:1
_mono_wasm_invoke_js_blazor @ dotnet.6.0.0-preview.7.21377.19.js:1
$func2545 @ 008b64c6:0x7e724
$func2270 @ 008b64c6:0x66a5e
$func6847 @ 008b64c6:0x168e10
$func6664 @ 008b64c6:0x160079
$func3456 @ 008b64c6:0xaca88
$func666 @ 008b64c6:0x1595d
$gb @ 008b64c6:0x15cabf
Module._mono_wasm_invoke_method @ dotnet.6.0.0-preview.7.21377.19.js:1
managed__Microsoft_AspNetCore_Components_WebAssembly__Microsoft_AspNetCore_Components_WebAssembly_Services_DefaultWebAssemblyJSRuntime_EndInvokeJS @ managed__Microsoft_AspNetCore_Components_WebAssembly__Microsoft_AspNetCore_Components_WebAssembly_Services_DefaultWebAssemblyJSRuntime_EndInvokeJS:16
endInvokeJSFromDotNet @ blazor.webassembly.js:1
(anonym) @ blazor.webassembly.js:1
Promise.then (asynchron)
beginInvokeJSFromDotNet @ blazor.webassembly.js:1
ut @ blazor.webassembly.js:1
_mono_wasm_invoke_js_blazor @ dotnet.6.0.0-preview.7.21377.19.js:1
$func2545 @ 008b64c6:0x7e724
$func2270 @ 008b64c6:0x66a5e
$func6847 @ 008b64c6:0x168e10
$func6664 @ 008b64c6:0x160079
$func3456 @ 008b64c6:0xaca88
$func666 @ 008b64c6:0x1595d
$gb @ 008b64c6:0x15cabf
Module._mono_wasm_invoke_method @ dotnet.6.0.0-preview.7.21377.19.js:1
managed__Microsoft_AspNetCore_Components_WebAssembly__Microsoft_AspNetCore_Components_WebAssembly_Services_DefaultWebAssemblyJSRuntime_EndInvokeJS @ managed__Microsoft_AspNetCore_Components_WebAssembly__Microsoft_AspNetCore_Components_WebAssembly_Services_DefaultWebAssemblyJSRuntime_EndInvokeJS:16
endInvokeJSFromDotNet @ blazor.webassembly.js:1
(anonym) @ blazor.webassembly.js:1
Promise.then (asynchron)
beginInvokeJSFromDotNet @ blazor.webassembly.js:1
ut @ blazor.webassembly.js:1
_mono_wasm_invoke_js_blazor @ dotnet.6.0.0-preview.7.21377.19.js:1
$func2545 @ 008b64c6:0x7e724
$func2270 @ 008b64c6:0x66a5e
$func6847 @ 008b64c6:0x168e10
$func6664 @ 008b64c6:0x160079
$func3456 @ 008b64c6:0xaca88
$func666 @ 008b64c6:0x1595d
$gb @ 008b64c6:0x15cabf
Module._mono_wasm_invoke_method @ dotnet.6.0.0-preview.7.21377.19.js:1
managed__Microsoft_AspNetCore_Components_WebAssembly__Microsoft_AspNetCore_Components_WebAssembly_Services_DefaultWebAssemblyJSRuntime_EndInvokeJS @ managed__Microsoft_AspNetCore_Components_WebAssembly__Microsoft_AspNetCore_Components_WebAssembly_Services_DefaultWebAssemblyJSRuntime_EndInvokeJS:16
endInvokeJSFromDotNet @ blazor.webassembly.js:1
(anonym) @ blazor.webassembly.js:1
Promise.then (asynchron)
beginInvokeJSFromDotNet @ blazor.webassembly.js:1
ut @ blazor.webassembly.js:1
_mono_wasm_invoke_js_blazor @ dotnet.6.0.0-preview.7.21377.19.js:1
$func2545 @ 008b64c6:0x7e724
$func2270 @ 008b64c6:0x66a5e
$func6847 @ 008b64c6:0x168e10
$func6664 @ 008b64c6:0x160079
$func3456 @ 008b64c6:0xaca88
$func666 @ 008b64c6:0x1595d
$gb @ 008b64c6:0x15cabf
Module._mono_wasm_invoke_method @ dotnet.6.0.0-preview.7.21377.19.js:1
managed__Microsoft_AspNetCore_Components_WebAssembly__Microsoft_AspNetCore_Components_WebAssembly_Services_DefaultWebAssemblyJSRuntime_EndInvokeJS @ managed__Microsoft_AspNetCore_Components_WebAssembly__Microsoft_AspNetCore_Components_WebAssembly_Services_DefaultWebAssemblyJSRuntime_EndInvokeJS:16
endInvokeJSFromDotNet @ blazor.webassembly.js:1
(anonym) @ blazor.webassembly.js:1
Promise.then (asynchron)
beginInvokeJSFromDotNet @ blazor.webassembly.js:1
ut @ blazor.webassembly.js:1
_mono_wasm_invoke_js_blazor @ dotnet.6.0.0-preview.7.21377.19.js:1
$func2545 @ 008b64c6:0x7e724
$func2270 @ 008b64c6:0x66a5e
$func6847 @ 008b64c6:0x168e10
$func6664 @ 008b64c6:0x160079
$func3456 @ 008b64c6:0xaca88
$func666 @ 008b64c6:0x1595d
$gb @ 008b64c6:0x15cabf
Module._mono_wasm_invoke_method @ dotnet.6.0.0-preview.7.21377.19.js:1
managed__Microsoft_AspNetCore_Components_WebAssembly__Microsoft_AspNetCore_Components_WebAssembly_Services_DefaultWebAssemblyJSRuntime_EndInvokeJS @ managed__Microsoft_AspNetCore_Components_WebAssembly__Microsoft_AspNetCore_Components_WebAssembly_Services_DefaultWebAssemblyJSRuntime_EndInvokeJS:16
endInvokeJSFromDotNet @ blazor.webassembly.js:1
(anonym) @ blazor.webassembly.js:1
Promise.then (asynchron)
beginInvokeJSFromDotNet @ blazor.webassembly.js:1
ut @ blazor.webassembly.js:1
_mono_wasm_invoke_js_blazor @ dotnet.6.0.0-preview.7.21377.19.js:1
$func2545 @ 008b64c6:0x7e724
$func2270 @ 008b64c6:0x66a5e
$func6847 @ 008b64c6:0x168e10
$func6664 @ 008b64c6:0x160079
$func3456 @ 008b64c6:0xaca88
$func666 @ 008b64c6:0x1595d
$gb @ 008b64c6:0x15cabf
Module._mono_wasm_invoke_method @ dotnet.6.0.0-preview.7.21377.19.js:1
managed__Microsoft_AspNetCore_Components_WebAssembly__Microsoft_AspNetCore_Components_WebAssembly_Services_DefaultWebAssemblyJSRuntime_EndInvokeJS @ managed__Microsoft_AspNetCore_Components_WebAssembly__Microsoft_AspNetCore_Components_WebAssembly_Services_DefaultWebAssemblyJSRuntime_EndInvokeJS:16
endInvokeJSFromDotNet @ blazor.webassembly.js:1
(anonym) @ blazor.webassembly.js:1
Promise.then (asynchron)
beginInvokeJSFromDotNet @ blazor.webassembly.js:1
ut @ blazor.webassembly.js:1
_mono_wasm_invoke_js_blazor @ dotnet.6.0.0-preview.7.21377.19.js:1
$func2545 @ 008b64c6:0x7e724
$func2270 @ 008b64c6:0x66a5e
$func6847 @ 008b64c6:0x168e10
$func6664 @ 008b64c6:0x160079
$func3456 @ 008b64c6:0xaca88
$func666 @ 008b64c6:0x1595d
$gb @ 008b64c6:0x15cabf
Module._mono_wasm_invoke_method @ dotnet.6.0.0-preview.7.21377.19.js:1
managed__Microsoft_AspNetCore_Components_WebAssembly__Microsoft_AspNetCore_Components_WebAssembly_Services_DefaultWebAssemblyJSRuntime_EndInvokeJS @ managed__Microsoft_AspNetCore_Components_WebAssembly__Microsoft_AspNetCore_Components_WebAssembly_Services_DefaultWebAssemblyJSRuntime_EndInvokeJS:16
endInvokeJSFromDotNet @ blazor.webassembly.js:1
(anonym) @ blazor.webassembly.js:1
Promise.then (asynchron)
beginInvokeJSFromDotNet @ blazor.webassembly.js:1
ut @ blazor.webassembly.js:1
_mono_wasm_invoke_js_blazor @ dotnet.6.0.0-preview.7.21377.19.js:1
$func2545 @ 008b64c6:0x7e724
$func2270 @ 008b64c6:0x66a5e
$func6847 @ 008b64c6:0x168e10
$func6664 @ 008b64c6:0x160079
$func3456 @ 008b64c6:0xaca88
$func666 @ 008b64c6:0x1595d
$gb @ 008b64c6:0x15cabf
Module._mono_wasm_invoke_method @ dotnet.6.0.0-preview.7.21377.19.js:1
managed__Microsoft_AspNetCore_Components_WebAssembly__Microsoft_AspNetCore_Components_WebAssembly_Services_DefaultWebAssemblyJSRuntime_EndInvokeJS @ managed__Microsoft_AspNetCore_Components_WebAssembly__Microsoft_AspNetCore_Components_WebAssembly_Services_DefaultWebAssemblyJSRuntime_EndInvokeJS:16
endInvokeJSFromDotNet @ blazor.webassembly.js:1
(anonym) @ blazor.webassembly.js:1
Promise.then (asynchron)
beginInvokeJSFromDotNet @ blazor.webassembly.js:1
ut @ blazor.webassembly.js:1
_mono_wasm_invoke_js_blazor @ dotnet.6.0.0-preview.7.21377.19.js:1
$func2545 @ 008b64c6:0x7e724
$func2270 @ 008b64c6:0x66a5e
$func6847 @ 008b64c6:0x168e10
$func6664 @ 008b64c6:0x160079
$func3456 @ 008b64c6:0xaca88
$func666 @ 008b64c6:0x1595d
$gb @ 008b64c6:0x15cabf
Module._mono_wasm_invoke_method @ dotnet.6.0.0-preview.7.21377.19.js:1
managed__Microsoft_AspNetCore_Components_WebAssembly__Microsoft_AspNetCore_Components_WebAssembly_Services_DefaultWebAssemblyJSRuntime_EndInvokeJS @ managed__Microsoft_AspNetCore_Components_WebAssembly__Microsoft_AspNetCore_Components_WebAssembly_Services_DefaultWebAssemblyJSRuntime_EndInvokeJS:16
endInvokeJSFromDotNet @ blazor.webassembly.js:1
(anonym) @ blazor.webassembly.js:1
Promise.then (asynchron)
beginInvokeJSFromDotNet @ blazor.webassembly.js:1
ut @ blazor.webassembly.js:1
_mono_wasm_invoke_js_blazor @ dotnet.6.0.0-preview.7.21377.19.js:1
$func2545 @ 008b64c6:0x7e724
$func2270 @ 008b64c6:0x66a5e
$func6847 @ 008b64c6:0x168e10
$func6664 @ 008b64c6:0x160079
$func3456 @ 008b64c6:0xaca88
$func666 @ 008b64c6:0x1595d
$gb @ 008b64c6:0x15cabf
Module._mono_wasm_invoke_method @ dotnet.6.0.0-preview.7.21377.19.js:1
managed__Microsoft_AspNetCore_Components_WebAssembly__Microsoft_AspNetCore_Components_WebAssembly_Services_DefaultWebAssemblyJSRuntime_EndInvokeJS @ managed__Microsoft_AspNetCore_Components_WebAssembly__Microsoft_AspNetCore_Components_WebAssembly_Services_DefaultWebAssemblyJSRuntime_EndInvokeJS:16
endInvokeJSFromDotNet @ blazor.webassembly.js:1
(anonym) @ blazor.webassembly.js:1
Promise.then (asynchron)
beginInvokeJSFromDotNet @ blazor.webassembly.js:1
ut @ blazor.webassembly.js:1
_mono_wasm_invoke_js_blazor @ dotnet.6.0.0-preview.7.21377.19.js:1
$func2545 @ 008b64c6:0x7e724
$func2270 @ 008b64c6:0x66a5e
$func6847 @ 008b64c6:0x168e10
$func6664 @ 008b64c6:0x160079
$func3456 @ 008b64c6:0xaca88
$func666 @ 008b64c6:0x1595d
$gb @ 008b64c6:0x15cabf
Module._mono_wasm_invoke_method @ dotnet.6.0.0-preview.7.21377.19.js:1
managed__Microsoft_AspNetCore_Components_WebAssembly__Microsoft_AspNetCore_Components_WebAssembly_Services_DefaultWebAssemblyJSRuntime_EndInvokeJS @ managed__Microsoft_AspNetCore_Components_WebAssembly__Microsoft_AspNetCore_Components_WebAssembly_Services_DefaultWebAssemblyJSRuntime_EndInvokeJS:16
endInvokeJSFromDotNet @ blazor.webassembly.js:1
(anonym) @ blazor.webassembly.js:1
Promise.then (asynchron)
beginInvokeJSFromDotNet @ blazor.webassembly.js:1
ut @ blazor.webassembly.js:1
_mono_wasm_invoke_js_blazor @ dotnet.6.0.0-preview.7.21377.19.js:1
$func2545 @ 008b64c6:0x7e724
$func2270 @ 008b64c6:0x66a5e
$func6847 @ 008b64c6:0x168e10
$func6664 @ 008b64c6:0x160079
$func3456 @ 008b64c6:0xaca88
$func666 @ 008b64c6:0x1595d
$gb @ 008b64c6:0x15cabf
Module._mono_wasm_invoke_method @ dotnet.6.0.0-preview.7.21377.19.js:1
managed__Microsoft_AspNetCore_Components_WebAssembly__Microsoft_AspNetCore_Components_WebAssembly_Services_DefaultWebAssemblyJSRuntime_EndInvokeJS @ managed__Microsoft_AspNetCore_Components_WebAssembly__Microsoft_AspNetCore_Components_WebAssembly_Services_DefaultWebAssemblyJSRuntime_EndInvokeJS:16
endInvokeJSFromDotNet @ blazor.webassembly.js:1
(anonym) @ blazor.webassembly.js:1
Promise.then (asynchron)
beginInvokeJSFromDotNet @ blazor.webassembly.js:1
ut @ blazor.webassembly.js:1
_mono_wasm_invoke_js_blazor @ dotnet.6.0.0-preview.7.21377.19.js:1
$func2545 @ 008b64c6:0x7e724
$func2270 @ 008b64c6:0x66a5e
$func6847 @ 008b64c6:0x168e10
$func6664 @ 008b64c6:0x160079
$func3456 @ 008b64c6:0xaca88
$func666 @ 008b64c6:0x1595d
$gb @ 008b64c6:0x15cabf
Module._mono_wasm_invoke_method @ dotnet.6.0.0-preview.7.21377.19.js:1
managed__Microsoft_AspNetCore_Components_WebAssembly__Microsoft_AspNetCore_Components_WebAssembly_Services_DefaultWebAssemblyJSRuntime_EndInvokeJS @ managed__Microsoft_AspNetCore_Components_WebAssembly__Microsoft_AspNetCore_Components_WebAssembly_Services_DefaultWebAssemblyJSRuntime_EndInvokeJS:16
endInvokeJSFromDotNet @ blazor.webassembly.js:1
(anonym) @ blazor.webassembly.js:1
