VM6:1 Uncaught pause_on_uncaught
blazor.webassembly.js:1 Debugging hotkey: Shift+Alt+D (when application has focus)
blazor.webassembly.js:1 blazor Loaded 8.79 MB resourcesThis application was built with linking (tree shaking) disabled. Published applications will be significantly smaller.
blazor.webassembly.js:1 Uncaught (in promise) Error: System.OutOfMemoryException: Out of memory
   at System.IO.MemoryStream.set_Capacity(Int32 value) in System.Private.CoreLib.dll:token 0x60058b3+0x51
   at System.IO.MemoryStream.EnsureCapacity(Int32 value) in System.Private.CoreLib.dll:token 0x60058a9+0x55
   at System.IO.MemoryStream.Write(Byte[] buffer, Int32 offset, Int32 count) in System.Private.CoreLib.dll:token 0x60058c1+0x4d
   at System.Net.Http.HttpContent.LimitMemoryStream.Write(Byte[] buffer, Int32 offset, Int32 count) in System.Net.Http.dll:token 0x60001b2+0x7
   at System.IO.MemoryStream.WriteAsync(ReadOnlyMemory`1 buffer, CancellationToken cancellationToken) in System.Private.CoreLib.dll:token 0x60058c4+0x1b
--- End of stack trace from previous location ---
   at System.IO.Stream.<CopyToAsync>g__Core|29_0(Stream source, Stream destination, Int32 bufferSize, CancellationToken cancellationToken) in System.Private.CoreLib.dll:token 0x600560e+0xaa
   at System.Net.Http.StreamToStreamCopy.<CopyAsync>g__DisposeSourceAsync|1_0(Task copyTask, Stream source) in System.Net.Http.dll:token 0x60002dd+0x64
   at System.Net.Http.HttpContent.<CopyToAsync>g__WaitAsync|56_0(ValueTask copyTask) in System.Net.Http.dll:token 0x60001af+0x67
   at System.Net.Http.MultipartContent.SerializeToStreamAsyncCore(Stream stream, TransportContext context, CancellationToken cancellationToken) in System.Net.Http.dll:token 0x6000280+0x2e7
   at System.Net.Http.HttpContent.LoadIntoBufferAsyncCore(Task serializeToStreamTask, MemoryStream tempBuffer) in System.Net.Http.dll:token 0x6000199+0x99
   at System.Net.Http.HttpContent.<WaitAndReturnAsync>d__82`2[[System.Net.Http.HttpContent, System.Net.Http, Version=6.0.0.0, Culture=neutral, PublicKeyToken=b03f5f7f11d50a3a],[System.Byte[], System.Private.CoreLib, Version=6.0.0.0, Culture=neutral, PublicKeyToken=7cec85d7bea7798e]].MoveNext() in System.Net.Http.dll:token 0x60001db+0x64
   at System.Net.Http.BrowserHttpHandler.SendAsync(HttpRequestMessage request, CancellationToken cancellationToken) in System.Net.Http.dll:token 0x6000376+0x241
   at System.Net.Http.HttpClient.<SendAsync>g__Core|83_0(HttpRequestMessage request, HttpCompletionOption completionOption, CancellationTokenSource cts, Boolean disposeCts, CancellationTokenSource pendingRequestsCts, CancellationToken originalCancellationToken) in System.Net.Http.dll:token 0x600013b+0x1b7
   at MWE_WASM_App.Client.Pages.FileUpload2.OnInputFileChange(InputFileChangeEventArgs e) in e:\Programming\Github\MWE-Net6P7-WASMLargeFileUploadFails\MWE-WASM-App\Client\Pages\FileUpload2.razor:line 101
   at Microsoft.AspNetCore.Components.ComponentBase.CallStateHasChangedOnAsyncCompletion(Task task) in Microsoft.AspNetCore.Components.dll:token 0x60000a5+0x7e
    at Object.endInvokeDotNetFromJS (http://localhost:5000/_framework/blazor.webassembly.js:1:3473)
    at Object.dt [as endInvokeDotNetFromJS] (http://localhost:5000/_framework/blazor.webassembly.js:1:54645)
    at Object.ut [as invokeJSFromDotNet] (http://localhost:5000/_framework/blazor.webassembly.js:1:54177)
    at _mono_wasm_invoke_js_blazor (http://localhost:5000/_framework/dotnet.6.0.0-preview.7.21377.19.js:1:191287)
    at <anonymous>:wasm-function[2545]:0x7e724
    at <anonymous>:wasm-function[2270]:0x66a5e
    at <anonymous>:wasm-function[6847]:0x168e10
    at <anonymous>:wasm-function[6664]:0x160079
    at <anonymous>:wasm-function[3456]:0xaca88
    at <anonymous>:wasm-function[666]:0x1595d
endInvokeDotNetFromJS @ blazor.webassembly.js:1
dt @ blazor.webassembly.js:1
ut @ blazor.webassembly.js:1
_mono_wasm_invoke_js_blazor @ dotnet.6.0.0-preview.7.21377.19.js:1
$func2545 @ 008b64c6:0x7e724
$func2270 @ 008b64c6:0x66a5e
$func6847 @ 008b64c6:0x168e10
$func6664 @ 008b64c6:0x160079
$func3456 @ 008b64c6:0xaca88
$func666 @ 008b64c6:0x1595d
$func6372 @ 008b64c6:0x153f5b
$Jb @ 008b64c6:0x163494
Module._mono_background_exec @ dotnet.6.0.0-preview.7.21377.19.js:1
pump_message @ dotnet.6.0.0-preview.7.21377.19.js:1
setTimeout (asynchron)
_schedule_background_exec @ dotnet.6.0.0-preview.7.21377.19.js:1
$func1267 @ 008b64c6:0x2e43a
$func6555 @ 008b64c6:0x159540
$func2545 @ 008b64c6:0x7e78b
$func2270 @ 008b64c6:0x66a5e
$func6847 @ 008b64c6:0x168e10
$func6664 @ 008b64c6:0x160079
$func3456 @ 008b64c6:0xaca88
$func666 @ 008b64c6:0x1595d
$gb @ 008b64c6:0x15cabf
Module._mono_wasm_invoke_method @ dotnet.6.0.0-preview.7.21377.19.js:1
managed__Microsoft_AspNetCore_Components_WebAssembly__Microsoft_AspNetCore_Components_WebAssembly_Services_DefaultWebAssemblyJSRuntime_EndInvokeJS @ managed__Microsoft_AspNetCore_Components_WebAssembly__Microsoft_AspNetCore_Components_WebAssembly_Services_DefaultWebAssemblyJSRuntime_EndInvokeJS:16
endInvokeJSFromDotNet @ blazor.webassembly.js:1
(anonym) @ blazor.webassembly.js:1
Promise.then (asynchron)
beginInvokeJSFromDotNet @ blazor.webassembly.js:1
ut @ blazor.webassembly.js:1
_mono_wasm_invoke_js_blazor @ dotnet.6.0.0-preview.7.21377.19.js:1
$func2545 @ 008b64c6:0x7e724
$func2270 @ 008b64c6:0x66a5e
$func6847 @ 008b64c6:0x168e10
$func6664 @ 008b64c6:0x160079
$func3456 @ 008b64c6:0xaca88
$func666 @ 008b64c6:0x1595d
$gb @ 008b64c6:0x15cabf
Module._mono_wasm_invoke_method @ dotnet.6.0.0-preview.7.21377.19.js:1
managed__Microsoft_AspNetCore_Components_WebAssembly__Microsoft_AspNetCore_Components_WebAssembly_Services_DefaultWebAssemblyJSRuntime_EndInvokeJS @ managed__Microsoft_AspNetCore_Components_WebAssembly__Microsoft_AspNetCore_Components_WebAssembly_Services_DefaultWebAssemblyJSRuntime_EndInvokeJS:16
endInvokeJSFromDotNet @ blazor.webassembly.js:1
(anonym) @ blazor.webassembly.js:1
Promise.then (asynchron)
beginInvokeJSFromDotNet @ blazor.webassembly.js:1
ut @ blazor.webassembly.js:1
_mono_wasm_invoke_js_blazor @ dotnet.6.0.0-preview.7.21377.19.js:1
$func2545 @ 008b64c6:0x7e724
$func2270 @ 008b64c6:0x66a5e
$func6847 @ 008b64c6:0x168e10
$func6664 @ 008b64c6:0x160079
$func3456 @ 008b64c6:0xaca88
$func666 @ 008b64c6:0x1595d
$gb @ 008b64c6:0x15cabf
Module._mono_wasm_invoke_method @ dotnet.6.0.0-preview.7.21377.19.js:1
managed__Microsoft_AspNetCore_Components_WebAssembly__Microsoft_AspNetCore_Components_WebAssembly_Services_DefaultWebAssemblyJSRuntime_EndInvokeJS @ managed__Microsoft_AspNetCore_Components_WebAssembly__Microsoft_AspNetCore_Components_WebAssembly_Services_DefaultWebAssemblyJSRuntime_EndInvokeJS:16
endInvokeJSFromDotNet @ blazor.webassembly.js:1
(anonym) @ blazor.webassembly.js:1
Promise.then (asynchron)
beginInvokeJSFromDotNet @ blazor.webassembly.js:1
ut @ blazor.webassembly.js:1
_mono_wasm_invoke_js_blazor @ dotnet.6.0.0-preview.7.21377.19.js:1
$func2545 @ 008b64c6:0x7e724
$func2270 @ 008b64c6:0x66a5e
$func6847 @ 008b64c6:0x168e10
$func6664 @ 008b64c6:0x160079
$func3456 @ 008b64c6:0xaca88
$func666 @ 008b64c6:0x1595d
$gb @ 008b64c6:0x15cabf
Module._mono_wasm_invoke_method @ dotnet.6.0.0-preview.7.21377.19.js:1
managed__Microsoft_AspNetCore_Components_WebAssembly__Microsoft_AspNetCore_Components_WebAssembly_Services_DefaultWebAssemblyJSRuntime_EndInvokeJS @ managed__Microsoft_AspNetCore_Components_WebAssembly__Microsoft_AspNetCore_Components_WebAssembly_Services_DefaultWebAssemblyJSRuntime_EndInvokeJS:16
endInvokeJSFromDotNet @ blazor.webassembly.js:1
(anonym) @ blazor.webassembly.js:1
Promise.then (asynchron)
beginInvokeJSFromDotNet @ blazor.webassembly.js:1
ut @ blazor.webassembly.js:1
_mono_wasm_invoke_js_blazor @ dotnet.6.0.0-preview.7.21377.19.js:1
$func2545 @ 008b64c6:0x7e724
$func2270 @ 008b64c6:0x66a5e
$func6847 @ 008b64c6:0x168e10
$func6664 @ 008b64c6:0x160079
$func3456 @ 008b64c6:0xaca88
$func666 @ 008b64c6:0x1595d
$gb @ 008b64c6:0x15cabf
Module._mono_wasm_invoke_method @ dotnet.6.0.0-preview.7.21377.19.js:1
managed__Microsoft_AspNetCore_Components_WebAssembly__Microsoft_AspNetCore_Components_WebAssembly_Services_DefaultWebAssemblyJSRuntime_EndInvokeJS @ managed__Microsoft_AspNetCore_Components_WebAssembly__Microsoft_AspNetCore_Components_WebAssembly_Services_DefaultWebAssemblyJSRuntime_EndInvokeJS:16
endInvokeJSFromDotNet @ blazor.webassembly.js:1
(anonym) @ blazor.webassembly.js:1
Promise.then (asynchron)
beginInvokeJSFromDotNet @ blazor.webassembly.js:1
ut @ blazor.webassembly.js:1
_mono_wasm_invoke_js_blazor @ dotnet.6.0.0-preview.7.21377.19.js:1
$func2545 @ 008b64c6:0x7e724
$func2270 @ 008b64c6:0x66a5e
$func6847 @ 008b64c6:0x168e10
$func6664 @ 008b64c6:0x160079
$func3456 @ 008b64c6:0xaca88
$func666 @ 008b64c6:0x1595d
$gb @ 008b64c6:0x15cabf
Module._mono_wasm_invoke_method @ dotnet.6.0.0-preview.7.21377.19.js:1
managed__Microsoft_AspNetCore_Components_WebAssembly__Microsoft_AspNetCore_Components_WebAssembly_Services_DefaultWebAssemblyJSRuntime_EndInvokeJS @ managed__Microsoft_AspNetCore_Components_WebAssembly__Microsoft_AspNetCore_Components_WebAssembly_Services_DefaultWebAssemblyJSRuntime_EndInvokeJS:16
endInvokeJSFromDotNet @ blazor.webassembly.js:1
(anonym) @ blazor.webassembly.js:1
Promise.then (asynchron)
beginInvokeJSFromDotNet @ blazor.webassembly.js:1
ut @ blazor.webassembly.js:1
_mono_wasm_invoke_js_blazor @ dotnet.6.0.0-preview.7.21377.19.js:1
$func2545 @ 008b64c6:0x7e724
$func2270 @ 008b64c6:0x66a5e
$func6847 @ 008b64c6:0x168e10
$func6664 @ 008b64c6:0x160079
$func3456 @ 008b64c6:0xaca88
$func666 @ 008b64c6:0x1595d
$gb @ 008b64c6:0x15cabf
Module._mono_wasm_invoke_method @ dotnet.6.0.0-preview.7.21377.19.js:1
managed__Microsoft_AspNetCore_Components_WebAssembly__Microsoft_AspNetCore_Components_WebAssembly_Services_DefaultWebAssemblyJSRuntime_EndInvokeJS @ managed__Microsoft_AspNetCore_Components_WebAssembly__Microsoft_AspNetCore_Components_WebAssembly_Services_DefaultWebAssemblyJSRuntime_EndInvokeJS:16
endInvokeJSFromDotNet @ blazor.webassembly.js:1
(anonym) @ blazor.webassembly.js:1
Promise.then (asynchron)
beginInvokeJSFromDotNet @ blazor.webassembly.js:1
ut @ blazor.webassembly.js:1
_mono_wasm_invoke_js_blazor @ dotnet.6.0.0-preview.7.21377.19.js:1
$func2545 @ 008b64c6:0x7e724
$func2270 @ 008b64c6:0x66a5e
$func6847 @ 008b64c6:0x168e10
$func6664 @ 008b64c6:0x160079
$func3456 @ 008b64c6:0xaca88
$func666 @ 008b64c6:0x1595d
$gb @ 008b64c6:0x15cabf
Module._mono_wasm_invoke_method @ dotnet.6.0.0-preview.7.21377.19.js:1
managed__Microsoft_AspNetCore_Components_WebAssembly__Microsoft_AspNetCore_Components_WebAssembly_Services_DefaultWebAssemblyJSRuntime_EndInvokeJS @ managed__Microsoft_AspNetCore_Components_WebAssembly__Microsoft_AspNetCore_Components_WebAssembly_Services_DefaultWebAssemblyJSRuntime_EndInvokeJS:16
endInvokeJSFromDotNet @ blazor.webassembly.js:1
(anonym) @ blazor.webassembly.js:1
Promise.then (asynchron)
beginInvokeJSFromDotNet @ blazor.webassembly.js:1
ut @ blazor.webassembly.js:1
_mono_wasm_invoke_js_blazor @ dotnet.6.0.0-preview.7.21377.19.js:1
$func2545 @ 008b64c6:0x7e724
$func2270 @ 008b64c6:0x66a5e
$func6847 @ 008b64c6:0x168e10
$func6664 @ 008b64c6:0x160079
$func3456 @ 008b64c6:0xaca88
$func666 @ 008b64c6:0x1595d
$gb @ 008b64c6:0x15cabf
Module._mono_wasm_invoke_method @ dotnet.6.0.0-preview.7.21377.19.js:1
managed__Microsoft_AspNetCore_Components_WebAssembly__Microsoft_AspNetCore_Components_WebAssembly_Services_DefaultWebAssemblyJSRuntime_EndInvokeJS @ managed__Microsoft_AspNetCore_Components_WebAssembly__Microsoft_AspNetCore_Components_WebAssembly_Services_DefaultWebAssemblyJSRuntime_EndInvokeJS:16
endInvokeJSFromDotNet @ blazor.webassembly.js:1
(anonym) @ blazor.webassembly.js:1
Promise.then (asynchron)
beginInvokeJSFromDotNet @ blazor.webassembly.js:1
ut @ blazor.webassembly.js:1
_mono_wasm_invoke_js_blazor @ dotnet.6.0.0-preview.7.21377.19.js:1
$func2545 @ 008b64c6:0x7e724
$func2270 @ 008b64c6:0x66a5e
$func6847 @ 008b64c6:0x168e10
$func6664 @ 008b64c6:0x160079
$func3456 @ 008b64c6:0xaca88
$func666 @ 008b64c6:0x1595d
$gb @ 008b64c6:0x15cabf
Module._mono_wasm_invoke_method @ dotnet.6.0.0-preview.7.21377.19.js:1
managed__Microsoft_AspNetCore_Components_WebAssembly__Microsoft_AspNetCore_Components_WebAssembly_Services_DefaultWebAssemblyJSRuntime_EndInvokeJS @ managed__Microsoft_AspNetCore_Components_WebAssembly__Microsoft_AspNetCore_Components_WebAssembly_Services_DefaultWebAssemblyJSRuntime_EndInvokeJS:16
endInvokeJSFromDotNet @ blazor.webassembly.js:1
(anonym) @ blazor.webassembly.js:1
Promise.then (asynchron)
beginInvokeJSFromDotNet @ blazor.webassembly.js:1
ut @ blazor.webassembly.js:1
_mono_wasm_invoke_js_blazor @ dotnet.6.0.0-preview.7.21377.19.js:1
$func2545 @ 008b64c6:0x7e724
$func2270 @ 008b64c6:0x66a5e
$func6847 @ 008b64c6:0x168e10
$func6664 @ 008b64c6:0x160079
$func3456 @ 008b64c6:0xaca88
$func666 @ 008b64c6:0x1595d
$gb @ 008b64c6:0x15cabf
Module._mono_wasm_invoke_method @ dotnet.6.0.0-preview.7.21377.19.js:1
managed__Microsoft_AspNetCore_Components_WebAssembly__Microsoft_AspNetCore_Components_WebAssembly_Services_DefaultWebAssemblyJSRuntime_EndInvokeJS @ managed__Microsoft_AspNetCore_Components_WebAssembly__Microsoft_AspNetCore_Components_WebAssembly_Services_DefaultWebAssemblyJSRuntime_EndInvokeJS:16
endInvokeJSFromDotNet @ blazor.webassembly.js:1
(anonym) @ blazor.webassembly.js:1
Promise.then (asynchron)
beginInvokeJSFromDotNet @ blazor.webassembly.js:1
ut @ blazor.webassembly.js:1
_mono_wasm_invoke_js_blazor @ dotnet.6.0.0-preview.7.21377.19.js:1
$func2545 @ 008b64c6:0x7e724
$func2270 @ 008b64c6:0x66a5e
$func6847 @ 008b64c6:0x168e10
$func6664 @ 008b64c6:0x160079
$func3456 @ 008b64c6:0xaca88
$func666 @ 008b64c6:0x1595d
$gb @ 008b64c6:0x15cabf
Module._mono_wasm_invoke_method @ dotnet.6.0.0-preview.7.21377.19.js:1
managed__Microsoft_AspNetCore_Components_WebAssembly__Microsoft_AspNetCore_Components_WebAssembly_Services_DefaultWebAssemblyJSRuntime_EndInvokeJS @ managed__Microsoft_AspNetCore_Components_WebAssembly__Microsoft_AspNetCore_Components_WebAssembly_Services_DefaultWebAssemblyJSRuntime_EndInvokeJS:16
endInvokeJSFromDotNet @ blazor.webassembly.js:1
(anonym) @ blazor.webassembly.js:1
Promise.then (asynchron)
beginInvokeJSFromDotNet @ blazor.webassembly.js:1
ut @ blazor.webassembly.js:1
_mono_wasm_invoke_js_blazor @ dotnet.6.0.0-preview.7.21377.19.js:1
$func2545 @ 008b64c6:0x7e724
$func2270 @ 008b64c6:0x66a5e
$func6847 @ 008b64c6:0x168e10
$func6664 @ 008b64c6:0x160079
$func3456 @ 008b64c6:0xaca88
$func666 @ 008b64c6:0x1595d
$gb @ 008b64c6:0x15cabf
Module._mono_wasm_invoke_method @ dotnet.6.0.0-preview.7.21377.19.js:1
managed__Microsoft_AspNetCore_Components_WebAssembly__Microsoft_AspNetCore_Components_WebAssembly_Services_DefaultWebAssemblyJSRuntime_EndInvokeJS @ managed__Microsoft_AspNetCore_Components_WebAssembly__Microsoft_AspNetCore_Components_WebAssembly_Services_DefaultWebAssemblyJSRuntime_EndInvokeJS:16
endInvokeJSFromDotNet @ blazor.webassembly.js:1
(anonym) @ blazor.webassembly.js:1
Promise.then (asynchron)
beginInvokeJSFromDotNet @ blazor.webassembly.js:1
ut @ blazor.webassembly.js:1
_mono_wasm_invoke_js_blazor @ dotnet.6.0.0-preview.7.21377.19.js:1
$func2545 @ 008b64c6:0x7e724
$func2270 @ 008b64c6:0x66a5e
$func6847 @ 008b64c6:0x168e10
$func6664 @ 008b64c6:0x160079
$func3456 @ 008b64c6:0xaca88
$func666 @ 008b64c6:0x1595d
$gb @ 008b64c6:0x15cabf
Module._mono_wasm_invoke_method @ dotnet.6.0.0-preview.7.21377.19.js:1
managed__Microsoft_AspNetCore_Components_WebAssembly__Microsoft_AspNetCore_Components_WebAssembly_Services_DefaultWebAssemblyJSRuntime_EndInvokeJS @ managed__Microsoft_AspNetCore_Components_WebAssembly__Microsoft_AspNetCore_Components_WebAssembly_Services_DefaultWebAssemblyJSRuntime_EndInvokeJS:16
endInvokeJSFromDotNet @ blazor.webassembly.js:1
(anonym) @ blazor.webassembly.js:1
Promise.then (asynchron)
beginInvokeJSFromDotNet @ blazor.webassembly.js:1
ut @ blazor.webassembly.js:1
_mono_wasm_invoke_js_blazor @ dotnet.6.0.0-preview.7.21377.19.js:1
$func2545 @ 008b64c6:0x7e724
$func2270 @ 008b64c6:0x66a5e
$func6847 @ 008b64c6:0x168e10
$func6664 @ 008b64c6:0x160079
$func3456 @ 008b64c6:0xaca88
$func666 @ 008b64c6:0x1595d
$gb @ 008b64c6:0x15cabf
Module._mono_wasm_invoke_method @ dotnet.6.0.0-preview.7.21377.19.js:1
managed__Microsoft_AspNetCore_Components_WebAssembly__Microsoft_AspNetCore_Components_WebAssembly_Services_DefaultWebAssemblyJSRuntime_EndInvokeJS @ managed__Microsoft_AspNetCore_Components_WebAssembly__Microsoft_AspNetCore_Components_WebAssembly_Services_DefaultWebAssemblyJSRuntime_EndInvokeJS:16
endInvokeJSFromDotNet @ blazor.webassembly.js:1
(anonym) @ blazor.webassembly.js:1
Promise.then (asynchron)
beginInvokeJSFromDotNet @ blazor.webassembly.js:1
ut @ blazor.webassembly.js:1
_mono_wasm_invoke_js_blazor @ dotnet.6.0.0-preview.7.21377.19.js:1
$func2545 @ 008b64c6:0x7e724
$func2270 @ 008b64c6:0x66a5e
$func6847 @ 008b64c6:0x168e10
$func6664 @ 008b64c6:0x160079
$func3456 @ 008b64c6:0xaca88
$func666 @ 008b64c6:0x1595d
$gb @ 008b64c6:0x15cabf
Module._mono_wasm_invoke_method @ dotnet.6.0.0-preview.7.21377.19.js:1
managed__Microsoft_AspNetCore_Components_WebAssembly__Microsoft_AspNetCore_Components_WebAssembly_Services_DefaultWebAssemblyJSRuntime_EndInvokeJS @ managed__Microsoft_AspNetCore_Components_WebAssembly__Microsoft_AspNetCore_Components_WebAssembly_Services_DefaultWebAssemblyJSRuntime_EndInvokeJS:16
endInvokeJSFromDotNet @ blazor.webassembly.js:1
(anonym) @ blazor.webassembly.js:1
Promise.then (asynchron)
beginInvokeJSFromDotNet @ blazor.webassembly.js:1
ut @ blazor.webassembly.js:1
_mono_wasm_invoke_js_blazor @ dotnet.6.0.0-preview.7.21377.19.js:1
$func2545 @ 008b64c6:0x7e724
$func2270 @ 008b64c6:0x66a5e
$func6847 @ 008b64c6:0x168e10
$func6664 @ 008b64c6:0x160079
$func3456 @ 008b64c6:0xaca88
$func666 @ 008b64c6:0x1595d
$gb @ 008b64c6:0x15cabf
Module._mono_wasm_invoke_method @ dotnet.6.0.0-preview.7.21377.19.js:1
managed__Microsoft_AspNetCore_Components_WebAssembly__Microsoft_AspNetCore_Components_WebAssembly_Services_DefaultWebAssemblyJSRuntime_EndInvokeJS @ managed__Microsoft_AspNetCore_Components_WebAssembly__Microsoft_AspNetCore_Components_WebAssembly_Services_DefaultWebAssemblyJSRuntime_EndInvokeJS:16
endInvokeJSFromDotNet @ blazor.webassembly.js:1
(anonym) @ blazor.webassembly.js:1
Promise.then (asynchron)
beginInvokeJSFromDotNet @ blazor.webassembly.js:1
ut @ blazor.webassembly.js:1
_mono_wasm_invoke_js_blazor @ dotnet.6.0.0-preview.7.21377.19.js:1
$func2545 @ 008b64c6:0x7e724
$func2270 @ 008b64c6:0x66a5e
$func6847 @ 008b64c6:0x168e10
$func6664 @ 008b64c6:0x160079
$func3456 @ 008b64c6:0xaca88
$func666 @ 008b64c6:0x1595d
$gb @ 008b64c6:0x15cabf
Module._mono_wasm_invoke_method @ dotnet.6.0.0-preview.7.21377.19.js:1
managed__Microsoft_AspNetCore_Components_WebAssembly__Microsoft_AspNetCore_Components_WebAssembly_Services_DefaultWebAssemblyJSRuntime_EndInvokeJS @ managed__Microsoft_AspNetCore_Components_WebAssembly__Microsoft_AspNetCore_Components_WebAssembly_Services_DefaultWebAssemblyJSRuntime_EndInvokeJS:16
endInvokeJSFromDotNet @ blazor.webassembly.js:1
(anonym) @ blazor.webassembly.js:1
Promise.then (asynchron)
beginInvokeJSFromDotNet @ blazor.webassembly.js:1
ut @ blazor.webassembly.js:1
_mono_wasm_invoke_js_blazor @ dotnet.6.0.0-preview.7.21377.19.js:1
$func2545 @ 008b64c6:0x7e724
$func2270 @ 008b64c6:0x66a5e
$func6847 @ 008b64c6:0x168e10
$func6664 @ 008b64c6:0x160079
$func3456 @ 008b64c6:0xaca88
$func666 @ 008b64c6:0x1595d
$gb @ 008b64c6:0x15cabf
Module._mono_wasm_invoke_method @ dotnet.6.0.0-preview.7.21377.19.js:1
managed__Microsoft_AspNetCore_Components_WebAssembly__Microsoft_AspNetCore_Components_WebAssembly_Services_DefaultWebAssemblyJSRuntime_EndInvokeJS @ managed__Microsoft_AspNetCore_Components_WebAssembly__Microsoft_AspNetCore_Components_WebAssembly_Services_DefaultWebAssemblyJSRuntime_EndInvokeJS:16
endInvokeJSFromDotNet @ blazor.webassembly.js:1
(anonym) @ blazor.webassembly.js:1
Promise.then (asynchron)
beginInvokeJSFromDotNet @ blazor.webassembly.js:1
ut @ blazor.webassembly.js:1
_mono_wasm_invoke_js_blazor @ dotnet.6.0.0-preview.7.21377.19.js:1
$func2545 @ 008b64c6:0x7e724
$func2270 @ 008b64c6:0x66a5e
$func6847 @ 008b64c6:0x168e10
$func6664 @ 008b64c6:0x160079
$func3456 @ 008b64c6:0xaca88
$func666 @ 008b64c6:0x1595d
$gb @ 008b64c6:0x15cabf
Module._mono_wasm_invoke_method @ dotnet.6.0.0-preview.7.21377.19.js:1
managed__Microsoft_AspNetCore_Components_WebAssembly__Microsoft_AspNetCore_Components_WebAssembly_Services_DefaultWebAssemblyJSRuntime_EndInvokeJS @ managed__Microsoft_AspNetCore_Components_WebAssembly__Microsoft_AspNetCore_Components_WebAssembly_Services_DefaultWebAssemblyJSRuntime_EndInvokeJS:16
endInvokeJSFromDotNet @ blazor.webassembly.js:1
(anonym) @ blazor.webassembly.js:1
Promise.then (asynchron)
beginInvokeJSFromDotNet @ blazor.webassembly.js:1
ut @ blazor.webassembly.js:1
_mono_wasm_invoke_js_blazor @ dotnet.6.0.0-preview.7.21377.19.js:1
$func2545 @ 008b64c6:0x7e724
$func2270 @ 008b64c6:0x66a5e
$func6847 @ 008b64c6:0x168e10
$func6664 @ 008b64c6:0x160079
$func3456 @ 008b64c6:0xaca88
$func666 @ 008b64c6:0x1595d
$gb @ 008b64c6:0x15cabf
Module._mono_wasm_invoke_method @ dotnet.6.0.0-preview.7.21377.19.js:1
managed__Microsoft_AspNetCore_Components_WebAssembly__Microsoft_AspNetCore_Components_WebAssembly_Services_DefaultWebAssemblyJSRuntime_EndInvokeJS @ managed__Microsoft_AspNetCore_Components_WebAssembly__Microsoft_AspNetCore_Components_WebAssembly_Services_DefaultWebAssemblyJSRuntime_EndInvokeJS:16
endInvokeJSFromDotNet @ blazor.webassembly.js:1
(anonym) @ blazor.webassembly.js:1
Promise.then (asynchron)
beginInvokeJSFromDotNet @ blazor.webassembly.js:1
ut @ blazor.webassembly.js:1
_mono_wasm_invoke_js_blazor @ dotnet.6.0.0-preview.7.21377.19.js:1
$func2545 @ 008b64c6:0x7e724
$func2270 @ 008b64c6:0x66a5e
$func6847 @ 008b64c6:0x168e10
$func6664 @ 008b64c6:0x160079
$func3456 @ 008b64c6:0xaca88
$func666 @ 008b64c6:0x1595d
$gb @ 008b64c6:0x15cabf
Module._mono_wasm_invoke_method @ dotnet.6.0.0-preview.7.21377.19.js:1
managed__Microsoft_AspNetCore_Components_WebAssembly__Microsoft_AspNetCore_Components_WebAssembly_Services_DefaultWebAssemblyJSRuntime_EndInvokeJS @ managed__Microsoft_AspNetCore_Components_WebAssembly__Microsoft_AspNetCore_Components_WebAssembly_Services_DefaultWebAssemblyJSRuntime_EndInvokeJS:16
endInvokeJSFromDotNet @ blazor.webassembly.js:1
(anonym) @ blazor.webassembly.js:1
Promise.then (asynchron)
beginInvokeJSFromDotNet @ blazor.webassembly.js:1
ut @ blazor.webassembly.js:1
_mono_wasm_invoke_js_blazor @ dotnet.6.0.0-preview.7.21377.19.js:1
$func2545 @ 008b64c6:0x7e724
$func2270 @ 008b64c6:0x66a5e
$func6847 @ 008b64c6:0x168e10
$func6664 @ 008b64c6:0x160079
$func3456 @ 008b64c6:0xaca88
$func666 @ 008b64c6:0x1595d
$gb @ 008b64c6:0x15cabf
Module._mono_wasm_invoke_method @ dotnet.6.0.0-preview.7.21377.19.js:1
managed__Microsoft_AspNetCore_Components_WebAssembly__Microsoft_AspNetCore_Components_WebAssembly_Services_DefaultWebAssemblyJSRuntime_EndInvokeJS @ managed__Microsoft_AspNetCore_Components_WebAssembly__Microsoft_AspNetCore_Components_WebAssembly_Services_DefaultWebAssemblyJSRuntime_EndInvokeJS:16
endInvokeJSFromDotNet @ blazor.webassembly.js:1
(anonym) @ blazor.webassembly.js:1
Promise.then (asynchron)
beginInvokeJSFromDotNet @ blazor.webassembly.js:1
ut @ blazor.webassembly.js:1
_mono_wasm_invoke_js_blazor @ dotnet.6.0.0-preview.7.21377.19.js:1
$func2545 @ 008b64c6:0x7e724
$func2270 @ 008b64c6:0x66a5e
$func6847 @ 008b64c6:0x168e10
$func6664 @ 008b64c6:0x160079
$func3456 @ 008b64c6:0xaca88
$func666 @ 008b64c6:0x1595d
$gb @ 008b64c6:0x15cabf
Module._mono_wasm_invoke_method @ dotnet.6.0.0-preview.7.21377.19.js:1
managed__Microsoft_AspNetCore_Components_WebAssembly__Microsoft_AspNetCore_Components_WebAssembly_Services_DefaultWebAssemblyJSRuntime_EndInvokeJS @ managed__Microsoft_AspNetCore_Components_WebAssembly__Microsoft_AspNetCore_Components_WebAssembly_Services_DefaultWebAssemblyJSRuntime_EndInvokeJS:16
endInvokeJSFromDotNet @ blazor.webassembly.js:1
(anonym) @ blazor.webassembly.js:1
Promise.then (asynchron)
beginInvokeJSFromDotNet @ blazor.webassembly.js:1
ut @ blazor.webassembly.js:1
_mono_wasm_invoke_js_blazor @ dotnet.6.0.0-preview.7.21377.19.js:1
$func2545 @ 008b64c6:0x7e724
$func2270 @ 008b64c6:0x66a5e
$func6847 @ 008b64c6:0x168e10
$func6664 @ 008b64c6:0x160079
$func3456 @ 008b64c6:0xaca88
$func666 @ 008b64c6:0x1595d
$gb @ 008b64c6:0x15cabf
Module._mono_wasm_invoke_method @ dotnet.6.0.0-preview.7.21377.19.js:1
managed__Microsoft_AspNetCore_Components_WebAssembly__Microsoft_AspNetCore_Components_WebAssembly_Services_DefaultWebAssemblyJSRuntime_EndInvokeJS @ managed__Microsoft_AspNetCore_Components_WebAssembly__Microsoft_AspNetCore_Components_WebAssembly_Services_DefaultWebAssemblyJSRuntime_EndInvokeJS:16
endInvokeJSFromDotNet @ blazor.webassembly.js:1
(anonym) @ blazor.webassembly.js:1
Promise.then (asynchron)
beginInvokeJSFromDotNet @ blazor.webassembly.js:1
ut @ blazor.webassembly.js:1
_mono_wasm_invoke_js_blazor @ dotnet.6.0.0-preview.7.21377.19.js:1
$func2545 @ 008b64c6:0x7e724
$func2270 @ 008b64c6:0x66a5e
$func6847 @ 008b64c6:0x168e10
$func6664 @ 008b64c6:0x160079
$func3456 @ 008b64c6:0xaca88
$func666 @ 008b64c6:0x1595d
$gb @ 008b64c6:0x15cabf
Module._mono_wasm_invoke_method @ dotnet.6.0.0-preview.7.21377.19.js:1
managed__Microsoft_AspNetCore_Components_WebAssembly__Microsoft_AspNetCore_Components_WebAssembly_Services_DefaultWebAssemblyJSRuntime_EndInvokeJS @ managed__Microsoft_AspNetCore_Components_WebAssembly__Microsoft_AspNetCore_Components_WebAssembly_Services_DefaultWebAssemblyJSRuntime_EndInvokeJS:16
endInvokeJSFromDotNet @ blazor.webassembly.js:1
(anonym) @ blazor.webassembly.js:1
Promise.then (asynchron)
beginInvokeJSFromDotNet @ blazor.webassembly.js:1
ut @ blazor.webassembly.js:1
_mono_wasm_invoke_js_blazor @ dotnet.6.0.0-preview.7.21377.19.js:1
$func2545 @ 008b64c6:0x7e724
$func2270 @ 008b64c6:0x66a5e
$func6847 @ 008b64c6:0x168e10
$func6664 @ 008b64c6:0x160079
$func3456 @ 008b64c6:0xaca88
$func666 @ 008b64c6:0x1595d
$gb @ 008b64c6:0x15cabf
Module._mono_wasm_invoke_method @ dotnet.6.0.0-preview.7.21377.19.js:1
managed__Microsoft_AspNetCore_Components_WebAssembly__Microsoft_AspNetCore_Components_WebAssembly_Services_DefaultWebAssemblyJSRuntime_EndInvokeJS @ managed__Microsoft_AspNetCore_Components_WebAssembly__Microsoft_AspNetCore_Components_WebAssembly_Services_DefaultWebAssemblyJSRuntime_EndInvokeJS:16
endInvokeJSFromDotNet @ blazor.webassembly.js:1
(anonym) @ blazor.webassembly.js:1
Promise.then (asynchron)
beginInvokeJSFromDotNet @ blazor.webassembly.js:1
ut @ blazor.webassembly.js:1
_mono_wasm_invoke_js_blazor @ dotnet.6.0.0-preview.7.21377.19.js:1
$func2545 @ 008b64c6:0x7e724
$func2270 @ 008b64c6:0x66a5e
$func6847 @ 008b64c6:0x168e10
$func6664 @ 008b64c6:0x160079
$func3456 @ 008b64c6:0xaca88
$func666 @ 008b64c6:0x1595d
$gb @ 008b64c6:0x15cabf
Module._mono_wasm_invoke_method @ dotnet.6.0.0-preview.7.21377.19.js:1
managed__Microsoft_AspNetCore_Components_WebAssembly__Microsoft_AspNetCore_Components_WebAssembly_Services_DefaultWebAssemblyJSRuntime_EndInvokeJS @ managed__Microsoft_AspNetCore_Components_WebAssembly__Microsoft_AspNetCore_Components_WebAssembly_Services_DefaultWebAssemblyJSRuntime_EndInvokeJS:16
endInvokeJSFromDotNet @ blazor.webassembly.js:1
(anonym) @ blazor.webassembly.js:1
Promise.then (asynchron)
beginInvokeJSFromDotNet @ blazor.webassembly.js:1
ut @ blazor.webassembly.js:1
_mono_wasm_invoke_js_blazor @ dotnet.6.0.0-preview.7.21377.19.js:1
$func2545 @ 008b64c6:0x7e724
$func2270 @ 008b64c6:0x66a5e
$func6847 @ 008b64c6:0x168e10
$func6664 @ 008b64c6:0x160079
$func3456 @ 008b64c6:0xaca88
$func666 @ 008b64c6:0x1595d
$gb @ 008b64c6:0x15cabf
Module._mono_wasm_invoke_method @ dotnet.6.0.0-preview.7.21377.19.js:1
managed__Microsoft_AspNetCore_Components_WebAssembly__Microsoft_AspNetCore_Components_WebAssembly_Services_DefaultWebAssemblyJSRuntime_EndInvokeJS @ managed__Microsoft_AspNetCore_Components_WebAssembly__Microsoft_AspNetCore_Components_WebAssembly_Services_DefaultWebAssemblyJSRuntime_EndInvokeJS:16
endInvokeJSFromDotNet @ blazor.webassembly.js:1
(anonym) @ blazor.webassembly.js:1
Promise.then (asynchron)
beginInvokeJSFromDotNet @ blazor.webassembly.js:1
ut @ blazor.webassembly.js:1
_mono_wasm_invoke_js_blazor @ dotnet.6.0.0-preview.7.21377.19.js:1
$func2545 @ 008b64c6:0x7e724
$func2270 @ 008b64c6:0x66a5e
$func6847 @ 008b64c6:0x168e10
$func6664 @ 008b64c6:0x160079
$func3456 @ 008b64c6:0xaca88
$func666 @ 008b64c6:0x1595d
$gb @ 008b64c6:0x15cabf
Module._mono_wasm_invoke_method @ dotnet.6.0.0-preview.7.21377.19.js:1
managed__Microsoft_AspNetCore_Components_WebAssembly__Microsoft_AspNetCore_Components_WebAssembly_Services_DefaultWebAssemblyJSRuntime_EndInvokeJS @ managed__Microsoft_AspNetCore_Components_WebAssembly__Microsoft_AspNetCore_Components_WebAssembly_Services_DefaultWebAssemblyJSRuntime_EndInvokeJS:16
endInvokeJSFromDotNet @ blazor.webassembly.js:1
(anonym) @ blazor.webassembly.js:1
Promise.then (asynchron)
beginInvokeJSFromDotNet @ blazor.webassembly.js:1
ut @ blazor.webassembly.js:1
_mono_wasm_invoke_js_blazor @ dotnet.6.0.0-preview.7.21377.19.js:1
$func2545 @ 008b64c6:0x7e724
$func2270 @ 008b64c6:0x66a5e
$func6847 @ 008b64c6:0x168e10
$func6664 @ 008b64c6:0x160079
$func3456 @ 008b64c6:0xaca88
$func666 @ 008b64c6:0x1595d
$gb @ 008b64c6:0x15cabf
Module._mono_wasm_invoke_method @ dotnet.6.0.0-preview.7.21377.19.js:1
managed__Microsoft_AspNetCore_Components_WebAssembly__Microsoft_AspNetCore_Components_WebAssembly_Services_DefaultWebAssemblyJSRuntime_EndInvokeJS @ managed__Microsoft_AspNetCore_Components_WebAssembly__Microsoft_AspNetCore_Components_WebAssembly_Services_DefaultWebAssemblyJSRuntime_EndInvokeJS:16
endInvokeJSFromDotNet @ blazor.webassembly.js:1
(anonym) @ blazor.webassembly.js:1
Promise.then (asynchron)
beginInvokeJSFromDotNet @ blazor.webassembly.js:1
ut @ blazor.webassembly.js:1
_mono_wasm_invoke_js_blazor @ dotnet.6.0.0-preview.7.21377.19.js:1
$func2545 @ 008b64c6:0x7e724
$func2270 @ 008b64c6:0x66a5e
$func6847 @ 008b64c6:0x168e10
$func6664 @ 008b64c6:0x160079
$func3456 @ 008b64c6:0xaca88
$func666 @ 008b64c6:0x1595d
$gb @ 008b64c6:0x15cabf
Module._mono_wasm_invoke_method @ dotnet.6.0.0-preview.7.21377.19.js:1
managed__Microsoft_AspNetCore_Components_WebAssembly__Microsoft_AspNetCore_Components_WebAssembly_Services_DefaultWebAssemblyJSRuntime_EndInvokeJS @ managed__Microsoft_AspNetCore_Components_WebAssembly__Microsoft_AspNetCore_Components_WebAssembly_Services_DefaultWebAssemblyJSRuntime_EndInvokeJS:16
endInvokeJSFromDotNet @ blazor.webassembly.js:1
(anonym) @ blazor.webassembly.js:1
